{"F:\\forTest\\v-rmake\\packages\\reactivity\\src\\baseHandlers.ts": {"path":"F:\\forTest\\v-rmake\\packages\\reactivity\\src\\baseHandlers.ts","all":false,"statementMap":{"0":{"start":{"line":1,"column":0},"end":{"line":1,"column":77}},"1":{"start":{"line":2,"column":0},"end":{"line":2,"column":54}},"2":{"start":{"line":3,"column":0},"end":{"line":3,"column":89}},"3":{"start":{"line":4,"column":0},"end":{"line":4,"column":59}},"4":{"start":{"line":5,"column":0},"end":{"line":5,"column":32}},"5":{"start":{"line":6,"column":0},"end":{"line":6,"column":0}},"6":{"start":{"line":7,"column":0},"end":{"line":7,"column":60}},"7":{"start":{"line":8,"column":0},"end":{"line":8,"column":90}},"8":{"start":{"line":9,"column":0},"end":{"line":9,"column":31}},"9":{"start":{"line":10,"column":0},"end":{"line":10,"column":44}},"10":{"start":{"line":11,"column":0},"end":{"line":11,"column":24}},"11":{"start":{"line":12,"column":0},"end":{"line":12,"column":51}},"12":{"start":{"line":13,"column":0},"end":{"line":13,"column":23}},"13":{"start":{"line":14,"column":0},"end":{"line":14,"column":50}},"14":{"start":{"line":15,"column":0},"end":{"line":15,"column":20}},"15":{"start":{"line":16,"column":0},"end":{"line":16,"column":43}},"16":{"start":{"line":17,"column":0},"end":{"line":17,"column":28}},"17":{"start":{"line":18,"column":0},"end":{"line":18,"column":19}},"18":{"start":{"line":19,"column":0},"end":{"line":19,"column":5}},"19":{"start":{"line":20,"column":0},"end":{"line":20,"column":0}},"20":{"start":{"line":21,"column":0},"end":{"line":21,"column":50}},"21":{"start":{"line":22,"column":0},"end":{"line":22,"column":0}},"22":{"start":{"line":23,"column":0},"end":{"line":23,"column":35}},"23":{"start":{"line":24,"column":0},"end":{"line":24,"column":22}},"24":{"start":{"line":25,"column":0},"end":{"line":25,"column":24}},"25":{"start":{"line":26,"column":0},"end":{"line":26,"column":5}},"26":{"start":{"line":27,"column":0},"end":{"line":27,"column":0}},"27":{"start":{"line":28,"column":0},"end":{"line":28,"column":15}},"28":{"start":{"line":29,"column":0},"end":{"line":29,"column":18}},"29":{"start":{"line":30,"column":0},"end":{"line":30,"column":16}},"30":{"start":{"line":31,"column":0},"end":{"line":31,"column":5}},"31":{"start":{"line":32,"column":0},"end":{"line":32,"column":0}},"32":{"start":{"line":33,"column":0},"end":{"line":33,"column":114}},"33":{"start":{"line":34,"column":0},"end":{"line":34,"column":24}},"34":{"start":{"line":35,"column":0},"end":{"line":35,"column":55}},"35":{"start":{"line":36,"column":0},"end":{"line":36,"column":5}},"36":{"start":{"line":37,"column":0},"end":{"line":37,"column":0}},"37":{"start":{"line":38,"column":0},"end":{"line":38,"column":14}},"38":{"start":{"line":39,"column":0},"end":{"line":39,"column":3}},"39":{"start":{"line":40,"column":0},"end":{"line":40,"column":1}},"40":{"start":{"line":41,"column":0},"end":{"line":41,"column":0}},"41":{"start":{"line":42,"column":0},"end":{"line":42,"column":40}},"42":{"start":{"line":43,"column":0},"end":{"line":43,"column":115}},"43":{"start":{"line":44,"column":0},"end":{"line":44,"column":22}},"44":{"start":{"line":45,"column":0},"end":{"line":45,"column":39}},"45":{"start":{"line":46,"column":0},"end":{"line":46,"column":7}},"46":{"start":{"line":47,"column":0},"end":{"line":47,"column":80}},"47":{"start":{"line":48,"column":0},"end":{"line":48,"column":7}},"48":{"start":{"line":49,"column":0},"end":{"line":49,"column":27}},"49":{"start":{"line":50,"column":0},"end":{"line":50,"column":31}},"50":{"start":{"line":51,"column":0},"end":{"line":51,"column":105}},"51":{"start":{"line":52,"column":0},"end":{"line":52,"column":31}},"52":{"start":{"line":53,"column":0},"end":{"line":53,"column":76}},"53":{"start":{"line":54,"column":0},"end":{"line":54,"column":7}},"54":{"start":{"line":55,"column":0},"end":{"line":55,"column":107}},"55":{"start":{"line":56,"column":0},"end":{"line":56,"column":0}},"56":{"start":{"line":57,"column":0},"end":{"line":57,"column":48}},"57":{"start":{"line":58,"column":0},"end":{"line":58,"column":57}},"58":{"start":{"line":59,"column":0},"end":{"line":59,"column":0}},"59":{"start":{"line":60,"column":0},"end":{"line":60,"column":66}},"60":{"start":{"line":61,"column":0},"end":{"line":61,"column":37}},"61":{"start":{"line":62,"column":0},"end":{"line":62,"column":38}},"62":{"start":{"line":63,"column":0},"end":{"line":63,"column":20}},"63":{"start":{"line":64,"column":0},"end":{"line":64,"column":55}},"64":{"start":{"line":65,"column":0},"end":{"line":65,"column":80}},"65":{"start":{"line":66,"column":0},"end":{"line":66,"column":55}},"66":{"start":{"line":67,"column":0},"end":{"line":67,"column":7}},"67":{"start":{"line":68,"column":0},"end":{"line":68,"column":5}},"68":{"start":{"line":69,"column":0},"end":{"line":69,"column":14}},"69":{"start":{"line":70,"column":0},"end":{"line":70,"column":3}},"70":{"start":{"line":71,"column":0},"end":{"line":71,"column":1}},"71":{"start":{"line":72,"column":0},"end":{"line":72,"column":0}},"72":{"start":{"line":73,"column":0},"end":{"line":73,"column":14}},"73":{"start":{"line":74,"column":0},"end":{"line":74,"column":61}},"74":{"start":{"line":75,"column":0},"end":{"line":75,"column":41}},"75":{"start":{"line":76,"column":0},"end":{"line":76,"column":20}},"76":{"start":{"line":77,"column":0},"end":{"line":77,"column":15}},"77":{"start":{"line":78,"column":0},"end":{"line":78,"column":1}},"78":{"start":{"line":79,"column":0},"end":{"line":79,"column":0}},"79":{"start":{"line":80,"column":0},"end":{"line":80,"column":16}},"80":{"start":{"line":81,"column":0},"end":{"line":81,"column":55}},"81":{"start":{"line":82,"column":0},"end":{"line":82,"column":29}},"82":{"start":{"line":83,"column":0},"end":{"line":83,"column":54}},"83":{"start":{"line":84,"column":0},"end":{"line":84,"column":42}},"84":{"start":{"line":85,"column":0},"end":{"line":85,"column":32}},"85":{"start":{"line":86,"column":0},"end":{"line":86,"column":1}},"86":{"start":{"line":87,"column":0},"end":{"line":87,"column":0}},"87":{"start":{"line":88,"column":0},"end":{"line":88,"column":12}},"88":{"start":{"line":89,"column":0},"end":{"line":89,"column":72}},"89":{"start":{"line":90,"column":0},"end":{"line":90,"column":28}},"90":{"start":{"line":91,"column":0},"end":{"line":91,"column":36}},"91":{"start":{"line":92,"column":0},"end":{"line":92,"column":0}},"92":{"start":{"line":93,"column":0},"end":{"line":93,"column":52}},"93":{"start":{"line":94,"column":0},"end":{"line":94,"column":31}},"94":{"start":{"line":95,"column":0},"end":{"line":95,"column":25}},"95":{"start":{"line":96,"column":0},"end":{"line":96,"column":47}},"96":{"start":{"line":97,"column":0},"end":{"line":97,"column":3}},"97":{"start":{"line":98,"column":0},"end":{"line":98,"column":15}},"98":{"start":{"line":99,"column":0},"end":{"line":99,"column":1}},"99":{"start":{"line":100,"column":0},"end":{"line":100,"column":0}},"100":{"start":{"line":101,"column":0},"end":{"line":101,"column":20}},"101":{"start":{"line":102,"column":0},"end":{"line":102,"column":26}},"102":{"start":{"line":103,"column":0},"end":{"line":103,"column":26}},"103":{"start":{"line":104,"column":0},"end":{"line":104,"column":0}},"104":{"start":{"line":105,"column":0},"end":{"line":105,"column":54}},"105":{"start":{"line":106,"column":0},"end":{"line":106,"column":6}},"106":{"start":{"line":107,"column":0},"end":{"line":107,"column":6}},"107":{"start":{"line":108,"column":0},"end":{"line":108,"column":6}},"108":{"start":{"line":109,"column":0},"end":{"line":109,"column":10}},"109":{"start":{"line":110,"column":0},"end":{"line":110,"column":16}},"110":{"start":{"line":111,"column":0},"end":{"line":111,"column":1}},"111":{"start":{"line":112,"column":0},"end":{"line":112,"column":0}},"112":{"start":{"line":113,"column":0},"end":{"line":113,"column":20}},"113":{"start":{"line":114,"column":0},"end":{"line":114,"column":44}},"114":{"start":{"line":115,"column":0},"end":{"line":115,"column":37}},"115":{"start":{"line":116,"column":0},"end":{"line":116,"column":0}},"116":{"start":{"line":117,"column":0},"end":{"line":117,"column":46}},"117":{"start":{"line":118,"column":0},"end":{"line":118,"column":5}},"118":{"start":{"line":119,"column":0},"end":{"line":119,"column":18}},"119":{"start":{"line":120,"column":0},"end":{"line":120,"column":69}},"120":{"start":{"line":121,"column":0},"end":{"line":121,"column":3}},"121":{"start":{"line":122,"column":0},"end":{"line":122,"column":20}},"122":{"start":{"line":123,"column":0},"end":{"line":123,"column":19}},"123":{"start":{"line":124,"column":0},"end":{"line":124,"column":3}},"124":{"start":{"line":125,"column":0},"end":{"line":125,"column":1}},"125":{"start":{"line":126,"column":0},"end":{"line":126,"column":0}},"126":{"start":{"line":127,"column":0},"end":{"line":127,"column":16}},"127":{"start":{"line":128,"column":0},"end":{"line":128,"column":38}},"128":{"start":{"line":129,"column":0},"end":{"line":129,"column":0}},"129":{"start":{"line":130,"column":0},"end":{"line":130,"column":55}},"130":{"start":{"line":131,"column":0},"end":{"line":131,"column":64}},"131":{"start":{"line":132,"column":0},"end":{"line":132,"column":20}},"132":{"start":{"line":133,"column":0},"end":{"line":133,"column":9}},"133":{"start":{"line":134,"column":0},"end":{"line":134,"column":74}},"134":{"start":{"line":135,"column":0},"end":{"line":135,"column":12}},"135":{"start":{"line":136,"column":0},"end":{"line":136,"column":5}},"136":{"start":{"line":137,"column":0},"end":{"line":137,"column":15}},"137":{"start":{"line":138,"column":0},"end":{"line":138,"column":4}},"138":{"start":{"line":139,"column":0},"end":{"line":139,"column":31}},"139":{"start":{"line":140,"column":0},"end":{"line":140,"column":9}},"140":{"start":{"line":141,"column":0},"end":{"line":141,"column":77}},"141":{"start":{"line":142,"column":0},"end":{"line":142,"column":12}},"142":{"start":{"line":143,"column":0},"end":{"line":143,"column":5}},"143":{"start":{"line":144,"column":0},"end":{"line":144,"column":15}},"144":{"start":{"line":145,"column":0},"end":{"line":145,"column":3}},"145":{"start":{"line":146,"column":0},"end":{"line":146,"column":1}},"146":{"start":{"line":147,"column":0},"end":{"line":147,"column":0}},"147":{"start":{"line":148,"column":0},"end":{"line":148,"column":8}},"148":{"start":{"line":149,"column":0},"end":{"line":149,"column":51}},"149":{"start":{"line":150,"column":0},"end":{"line":150,"column":46}},"150":{"start":{"line":151,"column":0},"end":{"line":151,"column":5}},"151":{"start":{"line":152,"column":0},"end":{"line":152,"column":19}},"152":{"start":{"line":153,"column":0},"end":{"line":153,"column":3}},"153":{"start":{"line":154,"column":0},"end":{"line":154,"column":27}},"154":{"start":{"line":155,"column":0},"end":{"line":155,"column":3}},"155":{"start":{"line":156,"column":0},"end":{"line":156,"column":1}}},"s":{"0":1,"1":1,"2":1,"3":1,"4":1,"5":1,"6":12,"7":12,"8":137,"9":137,"10":12,"11":137,"12":0,"13":125,"14":0,"15":125,"16":41,"17":41,"18":41,"19":41,"20":137,"21":84,"22":84,"23":84,"24":71,"25":71,"26":71,"27":71,"28":136,"29":5,"30":5,"31":5,"32":5,"33":137,"34":23,"35":23,"36":23,"37":137,"38":56,"39":12,"40":12,"41":6,"42":6,"43":24,"44":24,"45":24,"46":24,"47":24,"48":24,"49":24,"50":24,"51":24,"52":24,"53":24,"54":24,"55":24,"56":24,"57":24,"58":24,"59":24,"60":24,"61":23,"62":23,"63":3,"64":23,"65":20,"66":20,"67":23,"68":24,"69":24,"70":6,"71":6,"72":6,"73":0,"74":0,"75":0,"76":0,"77":0,"78":0,"79":0,"80":5,"81":5,"82":5,"83":5,"84":5,"85":5,"86":5,"87":5,"88":0,"89":0,"90":0,"91":0,"92":0,"93":0,"94":0,"95":0,"96":0,"97":0,"98":0,"99":0,"100":0,"101":1,"102":1,"103":1,"104":1,"105":1,"106":1,"107":1,"108":1,"109":1,"110":41,"111":1,"112":1,"113":1,"114":1,"115":1,"116":1,"117":1,"118":1,"119":1,"120":1,"121":1,"122":1,"123":1,"124":3,"125":1,"126":1,"127":1,"128":1,"129":1,"130":1,"131":1,"132":1,"133":1,"134":1,"135":1,"136":1,"137":1,"138":1,"139":0,"140":0,"141":0,"142":0,"143":0,"144":0,"145":12,"146":1,"147":1,"148":1,"149":1,"150":1,"151":1,"152":1,"153":1,"154":1,"155":2},"branchMap":{"0":{"type":"branch","line":7,"loc":{"start":{"line":7,"column":0},"end":{"line":42,"column":9}},"locations":[{"start":{"line":7,"column":0},"end":{"line":42,"column":9}}]},"1":{"type":"branch","line":8,"loc":{"start":{"line":8,"column":9},"end":{"line":39,"column":3}},"locations":[{"start":{"line":8,"column":9},"end":{"line":39,"column":3}}]},"2":{"type":"branch","line":10,"loc":{"start":{"line":10,"column":43},"end":{"line":12,"column":15}},"locations":[{"start":{"line":10,"column":43},"end":{"line":12,"column":15}}]},"3":{"type":"branch","line":12,"loc":{"start":{"line":12,"column":4},"end":{"line":21,"column":10}},"locations":[{"start":{"line":12,"column":4},"end":{"line":21,"column":10}}]},"4":{"type":"branch","line":12,"loc":{"start":{"line":12,"column":50},"end":{"line":14,"column":15}},"locations":[{"start":{"line":12,"column":50},"end":{"line":14,"column":15}}]},"5":{"type":"branch","line":14,"loc":{"start":{"line":14,"column":49},"end":{"line":16,"column":15}},"locations":[{"start":{"line":14,"column":49},"end":{"line":16,"column":15}}]},"6":{"type":"branch","line":16,"loc":{"start":{"line":16,"column":42},"end":{"line":21,"column":10}},"locations":[{"start":{"line":16,"column":42},"end":{"line":21,"column":10}}]},"7":{"type":"branch","line":21,"loc":{"start":{"line":21,"column":4},"end":{"line":29,"column":18}},"locations":[{"start":{"line":21,"column":4},"end":{"line":29,"column":18}}]},"8":{"type":"branch","line":21,"loc":{"start":{"line":21,"column":4},"end":{"line":24,"column":22}},"locations":[{"start":{"line":21,"column":4},"end":{"line":24,"column":22}}]},"9":{"type":"branch","line":24,"loc":{"start":{"line":24,"column":21},"end":{"line":29,"column":8}},"locations":[{"start":{"line":24,"column":21},"end":{"line":29,"column":8}}]},"10":{"type":"branch","line":29,"loc":{"start":{"line":29,"column":4},"end":{"line":29,"column":18}},"locations":[{"start":{"line":29,"column":4},"end":{"line":29,"column":18}}]},"11":{"type":"branch","line":29,"loc":{"start":{"line":29,"column":17},"end":{"line":34,"column":8}},"locations":[{"start":{"line":29,"column":17},"end":{"line":34,"column":8}}]},"12":{"type":"branch","line":34,"loc":{"start":{"line":34,"column":4},"end":{"line":38,"column":11}},"locations":[{"start":{"line":34,"column":4},"end":{"line":38,"column":11}}]},"13":{"type":"branch","line":34,"loc":{"start":{"line":34,"column":4},"end":{"line":34,"column":24}},"locations":[{"start":{"line":34,"column":4},"end":{"line":34,"column":24}}]},"14":{"type":"branch","line":34,"loc":{"start":{"line":34,"column":23},"end":{"line":38,"column":11}},"locations":[{"start":{"line":34,"column":23},"end":{"line":38,"column":11}}]},"15":{"type":"branch","line":35,"loc":{"start":{"line":35,"column":13},"end":{"line":35,"column":42}},"locations":[{"start":{"line":35,"column":13},"end":{"line":35,"column":42}}]},"16":{"type":"branch","line":35,"loc":{"start":{"line":35,"column":38},"end":{"line":35,"column":55}},"locations":[{"start":{"line":35,"column":38},"end":{"line":35,"column":55}}]},"17":{"type":"branch","line":38,"loc":{"start":{"line":38,"column":4},"end":{"line":39,"column":3}},"locations":[{"start":{"line":38,"column":4},"end":{"line":39,"column":3}}]},"18":{"type":"branch","line":42,"loc":{"start":{"line":42,"column":0},"end":{"line":74,"column":9}},"locations":[{"start":{"line":42,"column":0},"end":{"line":74,"column":9}}]},"19":{"type":"branch","line":43,"loc":{"start":{"line":43,"column":9},"end":{"line":70,"column":3}},"locations":[{"start":{"line":43,"column":9},"end":{"line":70,"column":3}}]},"20":{"type":"branch","line":55,"loc":{"start":{"line":55,"column":33},"end":{"line":55,"column":58}},"locations":[{"start":{"line":55,"column":33},"end":{"line":55,"column":58}}]},"21":{"type":"branch","line":55,"loc":{"start":{"line":55,"column":54},"end":{"line":55,"column":88}},"locations":[{"start":{"line":55,"column":54},"end":{"line":55,"column":88}}]},"22":{"type":"branch","line":55,"loc":{"start":{"line":55,"column":79},"end":{"line":55,"column":107}},"locations":[{"start":{"line":55,"column":79},"end":{"line":55,"column":107}}]},"23":{"type":"branch","line":61,"loc":{"start":{"line":61,"column":36},"end":{"line":69,"column":11}},"locations":[{"start":{"line":61,"column":36},"end":{"line":69,"column":11}}]},"24":{"type":"branch","line":63,"loc":{"start":{"line":63,"column":19},"end":{"line":65,"column":17}},"locations":[{"start":{"line":63,"column":19},"end":{"line":65,"column":17}}]},"25":{"type":"branch","line":65,"loc":{"start":{"line":65,"column":6},"end":{"line":67,"column":7}},"locations":[{"start":{"line":65,"column":6},"end":{"line":67,"column":7}}]},"26":{"type":"branch","line":81,"loc":{"start":{"line":81,"column":0},"end":{"line":89,"column":9}},"locations":[{"start":{"line":81,"column":0},"end":{"line":89,"column":9}}]},"27":{"type":"branch","line":83,"loc":{"start":{"line":83,"column":28},"end":{"line":83,"column":43}},"locations":[{"start":{"line":83,"column":28},"end":{"line":83,"column":43}}]},"28":{"type":"branch","line":83,"loc":{"start":{"line":83,"column":32},"end":{"line":83,"column":54}},"locations":[{"start":{"line":83,"column":32},"end":{"line":83,"column":54}}]},"29":{"type":"branch","line":111,"loc":{"start":{"line":111,"column":0},"end":{"line":111,"column":1}},"locations":[{"start":{"line":111,"column":0},"end":{"line":111,"column":1}}]},"30":{"type":"branch","line":125,"loc":{"start":{"line":125,"column":0},"end":{"line":125,"column":1}},"locations":[{"start":{"line":125,"column":0},"end":{"line":125,"column":1}}]},"31":{"type":"branch","line":132,"loc":{"start":{"line":132,"column":2},"end":{"line":138,"column":4}},"locations":[{"start":{"line":132,"column":2},"end":{"line":138,"column":4}}]},"32":{"type":"branch","line":146,"loc":{"start":{"line":146,"column":0},"end":{"line":146,"column":1}},"locations":[{"start":{"line":146,"column":0},"end":{"line":146,"column":1}}]},"33":{"type":"branch","line":156,"loc":{"start":{"line":156,"column":0},"end":{"line":156,"column":1}},"locations":[{"start":{"line":156,"column":0},"end":{"line":156,"column":1}}]}},"b":{"0":[12],"1":[137],"2":[12],"3":[125],"4":[0],"5":[0],"6":[41],"7":[136],"8":[84],"9":[71],"10":[84],"11":[5],"12":[125],"13":[79],"14":[23],"15":[6],"16":[17],"17":[56],"18":[6],"19":[24],"20":[4],"21":[2],"22":[22],"23":[23],"24":[3],"25":[20],"26":[5],"27":[3],"28":[2],"29":[41],"30":[3],"31":[1],"32":[12],"33":[2]},"fnMap":{"0":{"name":"createGetter","decl":{"start":{"line":7,"column":0},"end":{"line":42,"column":9}},"loc":{"start":{"line":7,"column":0},"end":{"line":42,"column":9}},"line":7},"1":{"name":"get2","decl":{"start":{"line":8,"column":9},"end":{"line":39,"column":3}},"loc":{"start":{"line":8,"column":9},"end":{"line":39,"column":3}},"line":8},"2":{"name":"createSetter","decl":{"start":{"line":42,"column":0},"end":{"line":74,"column":9}},"loc":{"start":{"line":42,"column":0},"end":{"line":74,"column":9}},"line":42},"3":{"name":"set2","decl":{"start":{"line":43,"column":9},"end":{"line":70,"column":3}},"loc":{"start":{"line":43,"column":9},"end":{"line":70,"column":3}},"line":43},"4":{"name":"has","decl":{"start":{"line":74,"column":0},"end":{"line":81,"column":9}},"loc":{"start":{"line":74,"column":0},"end":{"line":81,"column":9}},"line":74},"5":{"name":"ownKeys","decl":{"start":{"line":81,"column":0},"end":{"line":89,"column":9}},"loc":{"start":{"line":81,"column":0},"end":{"line":89,"column":9}},"line":81},"6":{"name":"deleteProperty","decl":{"start":{"line":89,"column":0},"end":{"line":102,"column":6}},"loc":{"start":{"line":89,"column":0},"end":{"line":102,"column":6}},"line":89},"7":{"name":"get","decl":{"start":{"line":111,"column":0},"end":{"line":111,"column":1}},"loc":{"start":{"line":111,"column":0},"end":{"line":111,"column":1}},"line":111},"8":{"name":"get","decl":{"start":{"line":125,"column":0},"end":{"line":125,"column":1}},"loc":{"start":{"line":125,"column":0},"end":{"line":125,"column":1}},"line":125},"9":{"name":"set","decl":{"start":{"line":132,"column":2},"end":{"line":138,"column":4}},"loc":{"start":{"line":132,"column":2},"end":{"line":138,"column":4}},"line":132},"10":{"name":"deleteProperty","decl":{"start":{"line":139,"column":2},"end":{"line":146,"column":1}},"loc":{"start":{"line":139,"column":2},"end":{"line":146,"column":1}},"line":139},"11":{"name":"get","decl":{"start":{"line":146,"column":0},"end":{"line":146,"column":1}},"loc":{"start":{"line":146,"column":0},"end":{"line":146,"column":1}},"line":146},"12":{"name":"get","decl":{"start":{"line":156,"column":0},"end":{"line":156,"column":1}},"loc":{"start":{"line":156,"column":0},"end":{"line":156,"column":1}},"line":156}},"f":{"0":12,"1":137,"2":6,"3":24,"4":0,"5":5,"6":0,"7":41,"8":3,"9":1,"10":0,"11":12,"12":2}}
,"F:\\forTest\\v-rmake\\packages\\reactivity\\src\\computed.ts": {"path":"F:\\forTest\\v-rmake\\packages\\reactivity\\src\\computed.ts","all":false,"statementMap":{"0":{"start":{"line":1,"column":0},"end":{"line":1,"column":46}},"1":{"start":{"line":2,"column":0},"end":{"line":2,"column":27}},"2":{"start":{"line":3,"column":0},"end":{"line":3,"column":83}},"3":{"start":{"line":4,"column":0},"end":{"line":4,"column":49}},"4":{"start":{"line":5,"column":0},"end":{"line":5,"column":0}},"5":{"start":{"line":6,"column":0},"end":{"line":6,"column":3}},"6":{"start":{"line":7,"column":0},"end":{"line":7,"column":29}},"7":{"start":{"line":8,"column":0},"end":{"line":8,"column":3}},"8":{"start":{"line":9,"column":0},"end":{"line":9,"column":34}},"9":{"start":{"line":10,"column":0},"end":{"line":10,"column":3}},"10":{"start":{"line":11,"column":0},"end":{"line":11,"column":3}},"11":{"start":{"line":12,"column":0},"end":{"line":12,"column":33}},"12":{"start":{"line":13,"column":0},"end":{"line":13,"column":27}},"13":{"start":{"line":14,"column":0},"end":{"line":14,"column":6}},"14":{"start":{"line":15,"column":0},"end":{"line":15,"column":17}},"15":{"start":{"line":16,"column":0},"end":{"line":16,"column":82}},"16":{"start":{"line":17,"column":0},"end":{"line":17,"column":6}},"17":{"start":{"line":18,"column":0},"end":{"line":18,"column":20}},"18":{"start":{"line":19,"column":0},"end":{"line":19,"column":21}},"19":{"start":{"line":20,"column":0},"end":{"line":20,"column":20}},"20":{"start":{"line":21,"column":0},"end":{"line":21,"column":12}},"21":{"start":{"line":22,"column":0},"end":{"line":22,"column":0}},"22":{"start":{"line":23,"column":0},"end":{"line":23,"column":53}},"23":{"start":{"line":24,"column":0},"end":{"line":24,"column":46}},"24":{"start":{"line":25,"column":0},"end":{"line":25,"column":0}},"25":{"start":{"line":26,"column":0},"end":{"line":26,"column":45}},"26":{"start":{"line":27,"column":0},"end":{"line":27,"column":24}},"27":{"start":{"line":28,"column":0},"end":{"line":28,"column":24}},"28":{"start":{"line":29,"column":0},"end":{"line":29,"column":1}},"29":{"start":{"line":30,"column":0},"end":{"line":30,"column":0}},"30":{"start":{"line":31,"column":0},"end":{"line":31,"column":33}},"31":{"start":{"line":32,"column":0},"end":{"line":32,"column":30}},"32":{"start":{"line":33,"column":0},"end":{"line":33,"column":20}},"33":{"start":{"line":34,"column":0},"end":{"line":34,"column":60}},"34":{"start":{"line":35,"column":0},"end":{"line":35,"column":34}},"35":{"start":{"line":36,"column":0},"end":{"line":36,"column":31}},"36":{"start":{"line":37,"column":0},"end":{"line":37,"column":62}},"37":{"start":{"line":38,"column":0},"end":{"line":38,"column":0}},"38":{"start":{"line":39,"column":0},"end":{"line":39,"column":14}},"39":{"start":{"line":40,"column":0},"end":{"line":40,"column":30}},"40":{"start":{"line":41,"column":0},"end":{"line":41,"column":48}},"41":{"start":{"line":42,"column":0},"end":{"line":42,"column":25}},"42":{"start":{"line":43,"column":0},"end":{"line":43,"column":5}},"43":{"start":{"line":44,"column":0},"end":{"line":44,"column":50}},"44":{"start":{"line":45,"column":0},"end":{"line":45,"column":52}},"45":{"start":{"line":46,"column":0},"end":{"line":46,"column":44}},"46":{"start":{"line":47,"column":0},"end":{"line":47,"column":25}},"47":{"start":{"line":48,"column":0},"end":{"line":48,"column":26}},"48":{"start":{"line":49,"column":0},"end":{"line":49,"column":25}},"49":{"start":{"line":50,"column":0},"end":{"line":50,"column":32}},"50":{"start":{"line":51,"column":0},"end":{"line":51,"column":7}},"51":{"start":{"line":52,"column":0},"end":{"line":52,"column":6}},"52":{"start":{"line":53,"column":0},"end":{"line":53,"column":48}},"53":{"start":{"line":54,"column":0},"end":{"line":54,"column":3}},"54":{"start":{"line":55,"column":0},"end":{"line":55,"column":0}},"55":{"start":{"line":56,"column":0},"end":{"line":56,"column":36}},"56":{"start":{"line":57,"column":0},"end":{"line":57,"column":15}},"57":{"start":{"line":58,"column":0},"end":{"line":58,"column":40}},"58":{"start":{"line":59,"column":0},"end":{"line":59,"column":120}},"59":{"start":{"line":60,"column":0},"end":{"line":60,"column":5}},"60":{"start":{"line":61,"column":0},"end":{"line":61,"column":0}},"61":{"start":{"line":62,"column":0},"end":{"line":62,"column":22}},"62":{"start":{"line":63,"column":0},"end":{"line":63,"column":14}},"63":{"start":{"line":64,"column":0},"end":{"line":64,"column":25}},"64":{"start":{"line":65,"column":0},"end":{"line":65,"column":37}},"65":{"start":{"line":66,"column":0},"end":{"line":66,"column":5}},"66":{"start":{"line":67,"column":0},"end":{"line":67,"column":22}},"67":{"start":{"line":68,"column":0},"end":{"line":68,"column":3}},"68":{"start":{"line":69,"column":0},"end":{"line":69,"column":0}},"69":{"start":{"line":70,"column":0},"end":{"line":70,"column":26}},"70":{"start":{"line":71,"column":0},"end":{"line":71,"column":48}},"71":{"start":{"line":72,"column":0},"end":{"line":72,"column":3}},"72":{"start":{"line":73,"column":0},"end":{"line":73,"column":1}},"73":{"start":{"line":74,"column":0},"end":{"line":74,"column":0}},"74":{"start":{"line":75,"column":0},"end":{"line":75,"column":94}},"75":{"start":{"line":76,"column":0},"end":{"line":76,"column":29}},"76":{"start":{"line":77,"column":0},"end":{"line":77,"column":48}},"77":{"start":{"line":78,"column":0},"end":{"line":78,"column":0}},"78":{"start":{"line":79,"column":0},"end":{"line":79,"column":31}},"79":{"start":{"line":80,"column":0},"end":{"line":80,"column":31}},"80":{"start":{"line":81,"column":0},"end":{"line":81,"column":0}},"81":{"start":{"line":82,"column":0},"end":{"line":82,"column":19}},"82":{"start":{"line":83,"column":0},"end":{"line":83,"column":28}},"83":{"start":{"line":84,"column":0},"end":{"line":84,"column":29}},"84":{"start":{"line":85,"column":0},"end":{"line":85,"column":15}},"85":{"start":{"line":86,"column":0},"end":{"line":86,"column":74}},"86":{"start":{"line":87,"column":0},"end":{"line":87,"column":7}},"87":{"start":{"line":88,"column":0},"end":{"line":88,"column":12}},"88":{"start":{"line":89,"column":0},"end":{"line":89,"column":10}},"89":{"start":{"line":90,"column":0},"end":{"line":90,"column":32}},"90":{"start":{"line":91,"column":0},"end":{"line":91,"column":32}},"91":{"start":{"line":92,"column":0},"end":{"line":92,"column":3}},"92":{"start":{"line":93,"column":0},"end":{"line":93,"column":0}},"93":{"start":{"line":94,"column":0},"end":{"line":94,"column":44}},"94":{"start":{"line":95,"column":0},"end":{"line":95,"column":1}}},"s":{"0":1,"1":1,"2":1,"3":1,"4":1,"5":1,"6":1,"7":1,"8":1,"9":1,"10":1,"11":1,"12":1,"13":1,"14":1,"15":1,"16":1,"17":1,"18":1,"19":1,"20":1,"21":1,"22":1,"23":1,"24":1,"25":1,"26":1,"27":1,"28":1,"29":1,"30":1,"31":1,"32":1,"33":1,"34":1,"35":1,"36":1,"37":1,"38":1,"39":2,"40":2,"41":2,"42":2,"43":2,"44":2,"45":1,"46":1,"47":1,"48":1,"49":1,"50":1,"51":1,"52":2,"53":2,"54":1,"55":1,"56":1,"57":3,"58":2,"59":2,"60":2,"61":3,"62":2,"63":2,"64":2,"65":2,"66":3,"67":3,"68":1,"69":1,"70":0,"71":0,"72":0,"73":1,"74":1,"75":2,"76":2,"77":2,"78":2,"79":2,"80":2,"81":2,"82":2,"83":2,"84":0,"85":0,"86":0,"87":2,"88":2,"89":0,"90":0,"91":0,"92":0,"93":2,"94":2},"branchMap":{"0":{"type":"branch","line":39,"loc":{"start":{"line":39,"column":2},"end":{"line":54,"column":3}},"locations":[{"start":{"line":39,"column":2},"end":{"line":54,"column":3}}]},"1":{"type":"branch","line":45,"loc":{"start":{"line":45,"column":45},"end":{"line":52,"column":6}},"locations":[{"start":{"line":45,"column":45},"end":{"line":52,"column":6}}]},"2":{"type":"branch","line":57,"loc":{"start":{"line":57,"column":2},"end":{"line":68,"column":3}},"locations":[{"start":{"line":57,"column":2},"end":{"line":68,"column":3}}]},"3":{"type":"branch","line":58,"loc":{"start":{"line":58,"column":22},"end":{"line":62,"column":8}},"locations":[{"start":{"line":58,"column":22},"end":{"line":62,"column":8}}]},"4":{"type":"branch","line":59,"loc":{"start":{"line":59,"column":24},"end":{"line":59,"column":120}},"locations":[{"start":{"line":59,"column":24},"end":{"line":59,"column":120}}]},"5":{"type":"branch","line":62,"loc":{"start":{"line":62,"column":21},"end":{"line":67,"column":11}},"locations":[{"start":{"line":62,"column":21},"end":{"line":67,"column":11}}]},"6":{"type":"branch","line":75,"loc":{"start":{"line":75,"column":7},"end":{"line":95,"column":1}},"locations":[{"start":{"line":75,"column":7},"end":{"line":95,"column":1}}]},"7":{"type":"branch","line":84,"loc":{"start":{"line":84,"column":13},"end":{"line":87,"column":7}},"locations":[{"start":{"line":84,"column":13},"end":{"line":87,"column":7}}]},"8":{"type":"branch","line":89,"loc":{"start":{"line":89,"column":2},"end":{"line":94,"column":9}},"locations":[{"start":{"line":89,"column":2},"end":{"line":94,"column":9}}]},"9":{"type":"branch","line":95,"loc":{"start":{"line":95,"column":0},"end":{"line":95,"column":1}},"locations":[{"start":{"line":95,"column":0},"end":{"line":95,"column":1}}]}},"b":{"0":[2],"1":[1],"2":[3],"3":[2],"4":[1],"5":[2],"6":[2],"7":[0],"8":[0],"9":[2]},"fnMap":{"0":{"name":"ComputedRefImpl","decl":{"start":{"line":39,"column":2},"end":{"line":54,"column":3}},"loc":{"start":{"line":39,"column":2},"end":{"line":54,"column":3}},"line":39},"1":{"name":"get value","decl":{"start":{"line":57,"column":2},"end":{"line":68,"column":3}},"loc":{"start":{"line":57,"column":2},"end":{"line":68,"column":3}},"line":57},"2":{"name":"set value","decl":{"start":{"line":70,"column":2},"end":{"line":73,"column":1}},"loc":{"start":{"line":70,"column":2},"end":{"line":73,"column":1}},"line":70},"3":{"name":"get","decl":{"start":{"line":73,"column":0},"end":{"line":73,"column":1}},"loc":{"start":{"line":73,"column":0},"end":{"line":73,"column":1}},"line":73},"4":{"name":"computed","decl":{"start":{"line":75,"column":7},"end":{"line":95,"column":1}},"loc":{"start":{"line":75,"column":7},"end":{"line":95,"column":1}},"line":75},"5":{"name":"get","decl":{"start":{"line":95,"column":0},"end":{"line":95,"column":1}},"loc":{"start":{"line":95,"column":0},"end":{"line":95,"column":1}},"line":95}},"f":{"0":2,"1":3,"2":0,"3":0,"4":2,"5":2}}
,"F:\\forTest\\v-rmake\\packages\\reactivity\\src\\effect.ts": {"path":"F:\\forTest\\v-rmake\\packages\\reactivity\\src\\effect.ts","all":false,"statementMap":{"0":{"start":{"line":1,"column":0},"end":{"line":1,"column":59}},"1":{"start":{"line":2,"column":0},"end":{"line":2,"column":35}},"2":{"start":{"line":3,"column":0},"end":{"line":3,"column":27}},"3":{"start":{"line":4,"column":0},"end":{"line":4,"column":76}},"4":{"start":{"line":5,"column":0},"end":{"line":5,"column":3}},"5":{"start":{"line":6,"column":0},"end":{"line":6,"column":16}},"6":{"start":{"line":7,"column":0},"end":{"line":7,"column":16}},"7":{"start":{"line":8,"column":0},"end":{"line":8,"column":19}},"8":{"start":{"line":9,"column":0},"end":{"line":9,"column":17}},"9":{"start":{"line":10,"column":0},"end":{"line":10,"column":8}},"10":{"start":{"line":11,"column":0},"end":{"line":11,"column":17}},"11":{"start":{"line":12,"column":0},"end":{"line":12,"column":5}},"12":{"start":{"line":13,"column":0},"end":{"line":13,"column":3}},"13":{"start":{"line":14,"column":0},"end":{"line":14,"column":24}},"14":{"start":{"line":15,"column":0},"end":{"line":15,"column":17}},"15":{"start":{"line":16,"column":0},"end":{"line":16,"column":3}},"16":{"start":{"line":17,"column":0},"end":{"line":17,"column":16}},"17":{"start":{"line":18,"column":0},"end":{"line":18,"column":3}},"18":{"start":{"line":19,"column":0},"end":{"line":19,"column":38}},"19":{"start":{"line":20,"column":0},"end":{"line":20,"column":51}},"20":{"start":{"line":21,"column":0},"end":{"line":21,"column":0}},"21":{"start":{"line":22,"column":0},"end":{"line":22,"column":44}},"22":{"start":{"line":23,"column":0},"end":{"line":23,"column":60}},"23":{"start":{"line":24,"column":0},"end":{"line":24,"column":0}},"24":{"start":{"line":25,"column":0},"end":{"line":25,"column":48}},"25":{"start":{"line":26,"column":0},"end":{"line":26,"column":66}},"26":{"start":{"line":27,"column":0},"end":{"line":27,"column":46}},"27":{"start":{"line":28,"column":0},"end":{"line":28,"column":20}},"28":{"start":{"line":29,"column":0},"end":{"line":29,"column":43}},"29":{"start":{"line":30,"column":0},"end":{"line":30,"column":43}},"30":{"start":{"line":31,"column":0},"end":{"line":31,"column":28}},"31":{"start":{"line":32,"column":0},"end":{"line":32,"column":5}},"32":{"start":{"line":33,"column":0},"end":{"line":33,"column":19}},"33":{"start":{"line":34,"column":0},"end":{"line":34,"column":3}},"34":{"start":{"line":35,"column":0},"end":{"line":35,"column":1}},"35":{"start":{"line":36,"column":0},"end":{"line":36,"column":0}},"36":{"start":{"line":37,"column":0},"end":{"line":37,"column":38}},"37":{"start":{"line":38,"column":0},"end":{"line":38,"column":15}},"38":{"start":{"line":39,"column":0},"end":{"line":39,"column":63}},"39":{"start":{"line":40,"column":0},"end":{"line":40,"column":48}},"40":{"start":{"line":41,"column":0},"end":{"line":41,"column":0}},"41":{"start":{"line":42,"column":0},"end":{"line":42,"column":14}},"42":{"start":{"line":43,"column":0},"end":{"line":43,"column":23}},"43":{"start":{"line":44,"column":0},"end":{"line":44,"column":40}},"44":{"start":{"line":45,"column":0},"end":{"line":45,"column":15}},"45":{"start":{"line":46,"column":0},"end":{"line":46,"column":5}},"46":{"start":{"line":47,"column":0},"end":{"line":47,"column":3}},"47":{"start":{"line":48,"column":0},"end":{"line":48,"column":0}},"48":{"start":{"line":49,"column":0},"end":{"line":49,"column":9}},"49":{"start":{"line":50,"column":0},"end":{"line":50,"column":15}},"50":{"start":{"line":51,"column":0},"end":{"line":51,"column":23}},"51":{"start":{"line":52,"column":0},"end":{"line":52,"column":22}},"52":{"start":{"line":53,"column":0},"end":{"line":53,"column":5}},"53":{"start":{"line":54,"column":0},"end":{"line":54,"column":0}},"54":{"start":{"line":55,"column":0},"end":{"line":55,"column":7}},"55":{"start":{"line":56,"column":0},"end":{"line":56,"column":15}},"56":{"start":{"line":57,"column":0},"end":{"line":57,"column":19}},"57":{"start":{"line":58,"column":0},"end":{"line":58,"column":36}},"58":{"start":{"line":59,"column":0},"end":{"line":59,"column":9}},"59":{"start":{"line":60,"column":0},"end":{"line":60,"column":7}},"60":{"start":{"line":61,"column":0},"end":{"line":61,"column":0}},"61":{"start":{"line":62,"column":0},"end":{"line":62,"column":59}},"62":{"start":{"line":63,"column":0},"end":{"line":63,"column":11}},"63":{"start":{"line":64,"column":0},"end":{"line":64,"column":30}},"64":{"start":{"line":65,"column":0},"end":{"line":65,"column":46}},"65":{"start":{"line":66,"column":0},"end":{"line":66,"column":28}},"66":{"start":{"line":67,"column":0},"end":{"line":67,"column":38}},"67":{"start":{"line":68,"column":0},"end":{"line":68,"column":54}},"68":{"start":{"line":69,"column":0},"end":{"line":69,"column":17}},"69":{"start":{"line":70,"column":0},"end":{"line":70,"column":57}},"70":{"start":{"line":71,"column":0},"end":{"line":71,"column":58}},"71":{"start":{"line":72,"column":0},"end":{"line":72,"column":7}},"72":{"start":{"line":73,"column":0},"end":{"line":73,"column":5}},"73":{"start":{"line":74,"column":0},"end":{"line":74,"column":3}},"74":{"start":{"line":75,"column":0},"end":{"line":75,"column":0}},"75":{"start":{"line":76,"column":0},"end":{"line":76,"column":24}},"76":{"start":{"line":77,"column":0},"end":{"line":77,"column":10}},"77":{"start":{"line":78,"column":0},"end":{"line":78,"column":53}},"78":{"start":{"line":79,"column":0},"end":{"line":79,"column":5}},"79":{"start":{"line":80,"column":0},"end":{"line":80,"column":25}},"80":{"start":{"line":81,"column":0},"end":{"line":81,"column":44}},"81":{"start":{"line":82,"column":0},"end":{"line":82,"column":5}},"82":{"start":{"line":83,"column":0},"end":{"line":83,"column":3}},"83":{"start":{"line":84,"column":0},"end":{"line":84,"column":1}},"84":{"start":{"line":85,"column":0},"end":{"line":85,"column":0}},"85":{"start":{"line":86,"column":0},"end":{"line":86,"column":32}},"86":{"start":{"line":87,"column":0},"end":{"line":87,"column":49}},"87":{"start":{"line":88,"column":0},"end":{"line":88,"column":0}},"88":{"start":{"line":89,"column":0},"end":{"line":89,"column":30}},"89":{"start":{"line":90,"column":0},"end":{"line":90,"column":35}},"90":{"start":{"line":91,"column":0},"end":{"line":91,"column":1}},"91":{"start":{"line":92,"column":0},"end":{"line":92,"column":0}},"92":{"start":{"line":93,"column":0},"end":{"line":93,"column":35}},"93":{"start":{"line":94,"column":0},"end":{"line":94,"column":74}},"94":{"start":{"line":95,"column":0},"end":{"line":95,"column":59}},"95":{"start":{"line":96,"column":0},"end":{"line":96,"column":47}},"96":{"start":{"line":97,"column":0},"end":{"line":97,"column":10}},"97":{"start":{"line":98,"column":0},"end":{"line":98,"column":3}},"98":{"start":{"line":99,"column":0},"end":{"line":99,"column":61}},"99":{"start":{"line":100,"column":0},"end":{"line":100,"column":54}},"100":{"start":{"line":101,"column":0},"end":{"line":101,"column":37}},"101":{"start":{"line":102,"column":0},"end":{"line":102,"column":0}},"102":{"start":{"line":103,"column":0},"end":{"line":103,"column":29}},"103":{"start":{"line":104,"column":0},"end":{"line":104,"column":17}},"104":{"start":{"line":105,"column":0},"end":{"line":105,"column":23}},"105":{"start":{"line":106,"column":0},"end":{"line":106,"column":34}},"106":{"start":{"line":107,"column":0},"end":{"line":107,"column":3}},"107":{"start":{"line":108,"column":0},"end":{"line":108,"column":0}},"108":{"start":{"line":109,"column":0},"end":{"line":109,"column":74}},"109":{"start":{"line":110,"column":0},"end":{"line":110,"column":28}},"110":{"start":{"line":111,"column":0},"end":{"line":111,"column":0}},"111":{"start":{"line":112,"column":0},"end":{"line":112,"column":13}},"112":{"start":{"line":113,"column":0},"end":{"line":113,"column":22}},"113":{"start":{"line":114,"column":0},"end":{"line":114,"column":19}},"114":{"start":{"line":115,"column":0},"end":{"line":115,"column":25}},"115":{"start":{"line":116,"column":0},"end":{"line":116,"column":3}},"116":{"start":{"line":117,"column":0},"end":{"line":117,"column":0}},"117":{"start":{"line":118,"column":0},"end":{"line":118,"column":19}},"118":{"start":{"line":119,"column":0},"end":{"line":119,"column":1}},"119":{"start":{"line":120,"column":0},"end":{"line":120,"column":0}},"120":{"start":{"line":121,"column":0},"end":{"line":121,"column":40}},"121":{"start":{"line":122,"column":0},"end":{"line":122,"column":56}},"122":{"start":{"line":123,"column":0},"end":{"line":123,"column":42}},"123":{"start":{"line":124,"column":0},"end":{"line":124,"column":0}},"124":{"start":{"line":125,"column":0},"end":{"line":125,"column":30}},"125":{"start":{"line":126,"column":0},"end":{"line":126,"column":36}},"126":{"start":{"line":127,"column":0},"end":{"line":127,"column":18}},"127":{"start":{"line":128,"column":0},"end":{"line":128,"column":6}},"128":{"start":{"line":129,"column":0},"end":{"line":129,"column":0}},"129":{"start":{"line":130,"column":0},"end":{"line":130,"column":20}},"130":{"start":{"line":131,"column":0},"end":{"line":131,"column":25}},"131":{"start":{"line":132,"column":0},"end":{"line":132,"column":62}},"132":{"start":{"line":133,"column":0},"end":{"line":133,"column":3}},"133":{"start":{"line":134,"column":0},"end":{"line":134,"column":1}},"134":{"start":{"line":135,"column":0},"end":{"line":135,"column":0}},"135":{"start":{"line":136,"column":0},"end":{"line":136,"column":0}},"136":{"start":{"line":137,"column":0},"end":{"line":137,"column":0}},"137":{"start":{"line":138,"column":0},"end":{"line":138,"column":3}},"138":{"start":{"line":139,"column":0},"end":{"line":139,"column":3}},"139":{"start":{"line":140,"column":0},"end":{"line":140,"column":31}},"140":{"start":{"line":141,"column":0},"end":{"line":141,"column":44}},"141":{"start":{"line":142,"column":0},"end":{"line":142,"column":52}},"142":{"start":{"line":143,"column":0},"end":{"line":143,"column":100}},"143":{"start":{"line":144,"column":0},"end":{"line":144,"column":12}},"144":{"start":{"line":145,"column":0},"end":{"line":145,"column":3}},"145":{"start":{"line":146,"column":0},"end":{"line":146,"column":116}},"146":{"start":{"line":147,"column":0},"end":{"line":147,"column":29}},"147":{"start":{"line":148,"column":0},"end":{"line":148,"column":39}},"148":{"start":{"line":149,"column":0},"end":{"line":149,"column":0}},"149":{"start":{"line":150,"column":0},"end":{"line":150,"column":33}},"150":{"start":{"line":151,"column":0},"end":{"line":151,"column":15}},"151":{"start":{"line":152,"column":0},"end":{"line":152,"column":11}},"152":{"start":{"line":153,"column":0},"end":{"line":153,"column":0}},"153":{"start":{"line":154,"column":0},"end":{"line":154,"column":49}},"154":{"start":{"line":155,"column":0},"end":{"line":155,"column":0}},"155":{"start":{"line":156,"column":0},"end":{"line":156,"column":0}},"156":{"start":{"line":157,"column":0},"end":{"line":157,"column":61}},"157":{"start":{"line":158,"column":0},"end":{"line":158,"column":44}},"158":{"start":{"line":159,"column":0},"end":{"line":159,"column":40}},"159":{"start":{"line":160,"column":0},"end":{"line":160,"column":35}},"160":{"start":{"line":161,"column":0},"end":{"line":161,"column":49}},"161":{"start":{"line":162,"column":0},"end":{"line":162,"column":22}},"162":{"start":{"line":163,"column":0},"end":{"line":163,"column":7}},"163":{"start":{"line":164,"column":0},"end":{"line":164,"column":6}},"164":{"start":{"line":165,"column":0},"end":{"line":165,"column":10}},"165":{"start":{"line":166,"column":0},"end":{"line":166,"column":27}},"166":{"start":{"line":167,"column":0},"end":{"line":167,"column":87}},"167":{"start":{"line":168,"column":0},"end":{"line":168,"column":33}},"168":{"start":{"line":169,"column":0},"end":{"line":169,"column":5}},"169":{"start":{"line":170,"column":0},"end":{"line":170,"column":0}},"170":{"start":{"line":171,"column":0},"end":{"line":171,"column":0}},"171":{"start":{"line":172,"column":0},"end":{"line":172,"column":19}},"172":{"start":{"line":173,"column":0},"end":{"line":173,"column":72}},"173":{"start":{"line":174,"column":0},"end":{"line":174,"column":30}},"174":{"start":{"line":175,"column":0},"end":{"line":175,"column":55}},"175":{"start":{"line":176,"column":0},"end":{"line":176,"column":64}},"176":{"start":{"line":177,"column":0},"end":{"line":177,"column":45}},"177":{"start":{"line":178,"column":0},"end":{"line":178,"column":73}},"178":{"start":{"line":179,"column":0},"end":{"line":179,"column":55}},"179":{"start":{"line":180,"column":0},"end":{"line":180,"column":11}},"180":{"start":{"line":181,"column":0},"end":{"line":181,"column":9}},"181":{"start":{"line":182,"column":0},"end":{"line":182,"column":11}},"182":{"start":{"line":183,"column":0},"end":{"line":183,"column":56}},"183":{"start":{"line":184,"column":0},"end":{"line":184,"column":87}},"184":{"start":{"line":185,"column":0},"end":{"line":185,"column":62}},"185":{"start":{"line":186,"column":0},"end":{"line":186,"column":14}},"186":{"start":{"line":187,"column":0},"end":{"line":187,"column":70}},"187":{"start":{"line":188,"column":0},"end":{"line":188,"column":42}},"188":{"start":{"line":189,"column":0},"end":{"line":189,"column":9}},"189":{"start":{"line":190,"column":0},"end":{"line":190,"column":13}},"190":{"start":{"line":191,"column":0},"end":{"line":191,"column":75}},"191":{"start":{"line":192,"column":0},"end":{"line":192,"column":33}},"192":{"start":{"line":193,"column":0},"end":{"line":193,"column":31}},"193":{"start":{"line":194,"column":0},"end":{"line":194,"column":45}},"194":{"start":{"line":195,"column":0},"end":{"line":195,"column":30}},"195":{"start":{"line":196,"column":0},"end":{"line":196,"column":55}},"196":{"start":{"line":197,"column":0},"end":{"line":197,"column":11}},"197":{"start":{"line":198,"column":0},"end":{"line":198,"column":9}},"198":{"start":{"line":199,"column":0},"end":{"line":199,"column":13}},"199":{"start":{"line":200,"column":0},"end":{"line":200,"column":30}},"200":{"start":{"line":201,"column":0},"end":{"line":201,"column":28}},"201":{"start":{"line":202,"column":0},"end":{"line":202,"column":45}},"202":{"start":{"line":203,"column":0},"end":{"line":203,"column":9}},"203":{"start":{"line":204,"column":0},"end":{"line":204,"column":13}},"204":{"start":{"line":205,"column":0},"end":{"line":205,"column":5}},"205":{"start":{"line":206,"column":0},"end":{"line":206,"column":3}},"206":{"start":{"line":207,"column":0},"end":{"line":207,"column":0}},"207":{"start":{"line":208,"column":0},"end":{"line":208,"column":0}},"208":{"start":{"line":209,"column":0},"end":{"line":209,"column":38}},"209":{"start":{"line":210,"column":0},"end":{"line":210,"column":41}},"210":{"start":{"line":211,"column":0},"end":{"line":211,"column":83}},"211":{"start":{"line":212,"column":0},"end":{"line":212,"column":14}},"212":{"start":{"line":213,"column":0},"end":{"line":213,"column":26}},"213":{"start":{"line":214,"column":0},"end":{"line":214,"column":5}},"214":{"start":{"line":215,"column":0},"end":{"line":215,"column":3}},"215":{"start":{"line":216,"column":0},"end":{"line":216,"column":0}},"216":{"start":{"line":217,"column":0},"end":{"line":217,"column":25}},"217":{"start":{"line":218,"column":0},"end":{"line":218,"column":1}},"218":{"start":{"line":219,"column":0},"end":{"line":219,"column":0}},"219":{"start":{"line":220,"column":0},"end":{"line":220,"column":61}},"220":{"start":{"line":221,"column":0},"end":{"line":221,"column":85}},"221":{"start":{"line":222,"column":0},"end":{"line":222,"column":47}},"222":{"start":{"line":223,"column":0},"end":{"line":223,"column":33}},"223":{"start":{"line":224,"column":0},"end":{"line":224,"column":30}},"224":{"start":{"line":225,"column":0},"end":{"line":225,"column":34}},"225":{"start":{"line":226,"column":0},"end":{"line":226,"column":29}},"226":{"start":{"line":227,"column":0},"end":{"line":227,"column":33}},"227":{"start":{"line":228,"column":0},"end":{"line":228,"column":7}},"228":{"start":{"line":229,"column":0},"end":{"line":229,"column":18}},"229":{"start":{"line":230,"column":0},"end":{"line":230,"column":5}},"230":{"start":{"line":231,"column":0},"end":{"line":231,"column":3}},"231":{"start":{"line":232,"column":0},"end":{"line":232,"column":1}},"232":{"start":{"line":233,"column":0},"end":{"line":233,"column":0}},"233":{"start":{"line":234,"column":0},"end":{"line":234,"column":61}},"234":{"start":{"line":235,"column":0},"end":{"line":235,"column":0}},"235":{"start":{"line":236,"column":0},"end":{"line":236,"column":55}},"236":{"start":{"line":237,"column":0},"end":{"line":237,"column":0}},"237":{"start":{"line":238,"column":0},"end":{"line":238,"column":6}},"238":{"start":{"line":239,"column":0},"end":{"line":239,"column":16}},"239":{"start":{"line":240,"column":0},"end":{"line":240,"column":28}},"240":{"start":{"line":241,"column":0},"end":{"line":241,"column":3}},"241":{"start":{"line":242,"column":0},"end":{"line":242,"column":0}},"242":{"start":{"line":243,"column":0},"end":{"line":243,"column":34}},"243":{"start":{"line":244,"column":0},"end":{"line":244,"column":30}},"244":{"start":{"line":245,"column":0},"end":{"line":245,"column":3}},"245":{"start":{"line":246,"column":0},"end":{"line":246,"column":0}},"246":{"start":{"line":247,"column":0},"end":{"line":247,"column":42}},"247":{"start":{"line":248,"column":0},"end":{"line":248,"column":59}},"248":{"start":{"line":249,"column":0},"end":{"line":249,"column":26}},"249":{"start":{"line":250,"column":0},"end":{"line":250,"column":15}},"250":{"start":{"line":251,"column":0},"end":{"line":251,"column":1}},"251":{"start":{"line":252,"column":0},"end":{"line":252,"column":0}},"252":{"start":{"line":253,"column":0},"end":{"line":253,"column":48}},"253":{"start":{"line":254,"column":0},"end":{"line":254,"column":7}},"254":{"start":{"line":255,"column":0},"end":{"line":255,"column":24}},"255":{"start":{"line":256,"column":0},"end":{"line":256,"column":1}}},"s":{"0":1,"1":1,"2":1,"3":1,"4":1,"5":1,"6":1,"7":1,"8":1,"9":1,"10":1,"11":1,"12":1,"13":1,"14":1,"15":1,"16":1,"17":1,"18":1,"19":1,"20":1,"21":1,"22":1,"23":1,"24":43,"25":43,"26":43,"27":43,"28":21,"29":35,"30":35,"31":35,"32":21,"33":21,"34":21,"35":43,"36":1,"37":1,"38":1,"39":1,"40":1,"41":1,"42":23,"43":23,"44":23,"45":23,"46":23,"47":1,"48":1,"49":43,"50":43,"51":0,"52":0,"53":0,"54":0,"55":0,"56":0,"57":0,"58":0,"59":0,"60":0,"61":43,"62":43,"63":43,"64":43,"65":43,"66":43,"67":43,"68":43,"69":43,"70":43,"71":43,"72":43,"73":43,"74":1,"75":1,"76":1,"77":0,"78":0,"79":0,"80":0,"81":0,"82":0,"83":2,"84":1,"85":1,"86":1,"87":1,"88":1,"89":79,"90":3,"91":1,"92":1,"93":1,"94":76,"95":76,"96":18,"97":18,"98":18,"99":18,"100":76,"101":58,"102":58,"103":58,"104":22,"105":22,"106":22,"107":22,"108":22,"109":72,"110":58,"111":58,"112":25,"113":25,"114":25,"115":25,"116":25,"117":72,"118":76,"119":1,"120":1,"121":60,"122":60,"123":60,"124":60,"125":60,"126":60,"127":60,"128":60,"129":60,"130":60,"131":60,"132":60,"133":2,"134":1,"135":1,"136":1,"137":1,"138":1,"139":1,"140":1,"141":1,"142":1,"143":1,"144":1,"145":1,"146":23,"147":23,"148":23,"149":23,"150":23,"151":23,"152":0,"153":23,"154":23,"155":23,"156":23,"157":23,"158":2,"159":2,"160":2,"161":2,"162":2,"163":2,"164":23,"165":21,"166":21,"167":21,"168":21,"169":21,"170":21,"171":21,"172":21,"173":21,"174":3,"175":3,"176":1,"177":1,"178":0,"179":0,"180":1,"181":2,"182":2,"183":2,"184":2,"185":2,"186":2,"187":2,"188":2,"189":2,"190":21,"191":21,"192":0,"193":0,"194":0,"195":0,"196":0,"197":0,"198":0,"199":21,"200":18,"201":0,"202":0,"203":0,"204":21,"205":21,"206":21,"207":21,"208":23,"209":23,"210":26,"211":26,"212":23,"213":23,"214":26,"215":26,"216":23,"217":23,"218":1,"219":1,"220":24,"221":24,"222":24,"223":25,"224":25,"225":21,"226":1,"227":1,"228":20,"229":20,"230":25,"231":1,"232":1,"233":1,"234":21,"235":21,"236":21,"237":21,"238":21,"239":0,"240":0,"241":0,"242":21,"243":21,"244":21,"245":21,"246":21,"247":21,"248":21,"249":21,"250":21,"251":1,"252":1,"253":1,"254":1,"255":1},"branchMap":{"0":{"type":"branch","line":22,"loc":{"start":{"line":22,"column":43},"end":{"line":22,"column":44}},"locations":[{"start":{"line":22,"column":43},"end":{"line":22,"column":44}}]},"1":{"type":"branch","line":25,"loc":{"start":{"line":25,"column":0},"end":{"line":37,"column":13}},"locations":[{"start":{"line":25,"column":0},"end":{"line":37,"column":13}}]},"2":{"type":"branch","line":28,"loc":{"start":{"line":28,"column":19},"end":{"line":35,"column":1}},"locations":[{"start":{"line":28,"column":19},"end":{"line":35,"column":1}}]},"3":{"type":"branch","line":29,"loc":{"start":{"line":29,"column":42},"end":{"line":33,"column":9}},"locations":[{"start":{"line":29,"column":42},"end":{"line":33,"column":9}}]},"4":{"type":"branch","line":42,"loc":{"start":{"line":42,"column":2},"end":{"line":47,"column":3}},"locations":[{"start":{"line":42,"column":2},"end":{"line":47,"column":3}}]},"5":{"type":"branch","line":49,"loc":{"start":{"line":49,"column":2},"end":{"line":74,"column":3}},"locations":[{"start":{"line":49,"column":2},"end":{"line":74,"column":3}}]},"6":{"type":"branch","line":51,"loc":{"start":{"line":51,"column":22},"end":{"line":62,"column":8}},"locations":[{"start":{"line":51,"column":22},"end":{"line":62,"column":8}}]},"7":{"type":"branch","line":84,"loc":{"start":{"line":84,"column":0},"end":{"line":84,"column":1}},"locations":[{"start":{"line":84,"column":0},"end":{"line":84,"column":1}}]},"8":{"type":"branch","line":89,"loc":{"start":{"line":89,"column":7},"end":{"line":91,"column":1}},"locations":[{"start":{"line":89,"column":7},"end":{"line":91,"column":1}}]},"9":{"type":"branch","line":91,"loc":{"start":{"line":91,"column":0},"end":{"line":91,"column":1}},"locations":[{"start":{"line":91,"column":0},"end":{"line":91,"column":1}}]},"10":{"type":"branch","line":94,"loc":{"start":{"line":94,"column":7},"end":{"line":119,"column":1}},"locations":[{"start":{"line":94,"column":7},"end":{"line":119,"column":1}}]},"11":{"type":"branch","line":96,"loc":{"start":{"line":96,"column":21},"end":{"line":101,"column":6}},"locations":[{"start":{"line":96,"column":21},"end":{"line":101,"column":6}}]},"12":{"type":"branch","line":101,"loc":{"start":{"line":101,"column":2},"end":{"line":119,"column":1}},"locations":[{"start":{"line":101,"column":2},"end":{"line":119,"column":1}}]},"13":{"type":"branch","line":101,"loc":{"start":{"line":101,"column":2},"end":{"line":104,"column":17}},"locations":[{"start":{"line":101,"column":2},"end":{"line":104,"column":17}}]},"14":{"type":"branch","line":104,"loc":{"start":{"line":104,"column":16},"end":{"line":110,"column":6}},"locations":[{"start":{"line":104,"column":16},"end":{"line":110,"column":6}}]},"15":{"type":"branch","line":110,"loc":{"start":{"line":110,"column":2},"end":{"line":112,"column":13}},"locations":[{"start":{"line":110,"column":2},"end":{"line":112,"column":13}}]},"16":{"type":"branch","line":112,"loc":{"start":{"line":112,"column":12},"end":{"line":118,"column":15}},"locations":[{"start":{"line":112,"column":12},"end":{"line":118,"column":15}}]},"17":{"type":"branch","line":118,"loc":{"start":{"line":118,"column":2},"end":{"line":119,"column":1}},"locations":[{"start":{"line":118,"column":2},"end":{"line":119,"column":1}}]},"18":{"type":"branch","line":119,"loc":{"start":{"line":119,"column":0},"end":{"line":119,"column":1}},"locations":[{"start":{"line":119,"column":0},"end":{"line":119,"column":1}}]},"19":{"type":"branch","line":121,"loc":{"start":{"line":121,"column":7},"end":{"line":134,"column":1}},"locations":[{"start":{"line":121,"column":7},"end":{"line":134,"column":1}}]},"20":{"type":"branch","line":134,"loc":{"start":{"line":134,"column":0},"end":{"line":134,"column":1}},"locations":[{"start":{"line":134,"column":0},"end":{"line":134,"column":1}}]},"21":{"type":"branch","line":146,"loc":{"start":{"line":146,"column":7},"end":{"line":218,"column":1}},"locations":[{"start":{"line":146,"column":7},"end":{"line":218,"column":1}}]},"22":{"type":"branch","line":152,"loc":{"start":{"line":152,"column":4},"end":{"line":154,"column":6}},"locations":[{"start":{"line":152,"column":4},"end":{"line":154,"column":6}}]},"23":{"type":"branch","line":158,"loc":{"start":{"line":158,"column":14},"end":{"line":158,"column":43}},"locations":[{"start":{"line":158,"column":14},"end":{"line":158,"column":43}}]},"24":{"type":"branch","line":158,"loc":{"start":{"line":158,"column":43},"end":{"line":165,"column":9}},"locations":[{"start":{"line":158,"column":43},"end":{"line":165,"column":9}}]},"25":{"type":"branch","line":165,"loc":{"start":{"line":165,"column":2},"end":{"line":209,"column":8}},"locations":[{"start":{"line":165,"column":2},"end":{"line":209,"column":8}}]},"26":{"type":"branch","line":174,"loc":{"start":{"line":174,"column":6},"end":{"line":190,"column":13}},"locations":[{"start":{"line":174,"column":6},"end":{"line":190,"column":13}}]},"27":{"type":"branch","line":176,"loc":{"start":{"line":176,"column":30},"end":{"line":181,"column":9}},"locations":[{"start":{"line":176,"column":30},"end":{"line":181,"column":9}}]},"28":{"type":"branch","line":178,"loc":{"start":{"line":178,"column":29},"end":{"line":180,"column":11}},"locations":[{"start":{"line":178,"column":29},"end":{"line":180,"column":11}}]},"29":{"type":"branch","line":181,"loc":{"start":{"line":181,"column":8},"end":{"line":190,"column":13}},"locations":[{"start":{"line":181,"column":8},"end":{"line":190,"column":13}}]},"30":{"type":"branch","line":192,"loc":{"start":{"line":192,"column":6},"end":{"line":199,"column":13}},"locations":[{"start":{"line":192,"column":6},"end":{"line":199,"column":13}}]},"31":{"type":"branch","line":200,"loc":{"start":{"line":200,"column":6},"end":{"line":204,"column":13}},"locations":[{"start":{"line":200,"column":6},"end":{"line":204,"column":13}}]},"32":{"type":"branch","line":201,"loc":{"start":{"line":201,"column":27},"end":{"line":204,"column":13}},"locations":[{"start":{"line":201,"column":27},"end":{"line":204,"column":13}}]},"33":{"type":"branch","line":210,"loc":{"start":{"line":210,"column":26},"end":{"line":217,"column":17}},"locations":[{"start":{"line":210,"column":26},"end":{"line":217,"column":17}}]},"34":{"type":"branch","line":212,"loc":{"start":{"line":212,"column":13},"end":{"line":214,"column":5}},"locations":[{"start":{"line":212,"column":13},"end":{"line":214,"column":5}}]},"35":{"type":"branch","line":160,"loc":{"start":{"line":160,"column":21},"end":{"line":164,"column":6}},"locations":[{"start":{"line":160,"column":21},"end":{"line":164,"column":6}}]},"36":{"type":"branch","line":161,"loc":{"start":{"line":161,"column":18},"end":{"line":161,"column":48}},"locations":[{"start":{"line":161,"column":18},"end":{"line":161,"column":48}}]},"37":{"type":"branch","line":218,"loc":{"start":{"line":218,"column":0},"end":{"line":218,"column":1}},"locations":[{"start":{"line":218,"column":0},"end":{"line":218,"column":1}}]},"38":{"type":"branch","line":220,"loc":{"start":{"line":220,"column":7},"end":{"line":232,"column":1}},"locations":[{"start":{"line":220,"column":7},"end":{"line":232,"column":1}}]},"39":{"type":"branch","line":222,"loc":{"start":{"line":222,"column":29},"end":{"line":222,"column":39}},"locations":[{"start":{"line":222,"column":29},"end":{"line":222,"column":39}}]},"40":{"type":"branch","line":222,"loc":{"start":{"line":222,"column":33},"end":{"line":222,"column":47}},"locations":[{"start":{"line":222,"column":33},"end":{"line":222,"column":47}}]},"41":{"type":"branch","line":223,"loc":{"start":{"line":223,"column":32},"end":{"line":232,"column":1}},"locations":[{"start":{"line":223,"column":32},"end":{"line":232,"column":1}}]},"42":{"type":"branch","line":225,"loc":{"start":{"line":225,"column":33},"end":{"line":230,"column":5}},"locations":[{"start":{"line":225,"column":33},"end":{"line":230,"column":5}}]},"43":{"type":"branch","line":226,"loc":{"start":{"line":226,"column":28},"end":{"line":230,"column":5}},"locations":[{"start":{"line":226,"column":28},"end":{"line":230,"column":5}}]},"44":{"type":"branch","line":226,"loc":{"start":{"line":226,"column":28},"end":{"line":229,"column":13}},"locations":[{"start":{"line":226,"column":28},"end":{"line":229,"column":13}}]},"45":{"type":"branch","line":232,"loc":{"start":{"line":232,"column":0},"end":{"line":232,"column":1}},"locations":[{"start":{"line":232,"column":0},"end":{"line":232,"column":1}}]},"46":{"type":"branch","line":232,"loc":{"start":{"line":232,"column":0},"end":{"line":232,"column":1}},"locations":[{"start":{"line":232,"column":0},"end":{"line":232,"column":1}}]},"47":{"type":"branch","line":234,"loc":{"start":{"line":234,"column":7},"end":{"line":251,"column":1}},"locations":[{"start":{"line":234,"column":7},"end":{"line":251,"column":1}}]},"48":{"type":"branch","line":239,"loc":{"start":{"line":239,"column":15},"end":{"line":243,"column":6}},"locations":[{"start":{"line":239,"column":15},"end":{"line":243,"column":6}}]},"49":{"type":"branch","line":243,"loc":{"start":{"line":243,"column":7},"end":{"line":243,"column":33}},"locations":[{"start":{"line":243,"column":7},"end":{"line":243,"column":33}}]},"50":{"type":"branch","line":251,"loc":{"start":{"line":251,"column":0},"end":{"line":251,"column":1}},"locations":[{"start":{"line":251,"column":0},"end":{"line":251,"column":1}}]}},"b":{"0":[2],"1":[43],"2":[21],"3":[35],"4":[23],"5":[43],"6":[0],"7":[2],"8":[79],"9":[3],"10":[76],"11":[18],"12":[72],"13":[58],"14":[22],"15":[58],"16":[25],"17":[58],"18":[76],"19":[60],"20":[2],"21":[23],"22":[0],"23":[2],"24":[2],"25":[21],"26":[3],"27":[1],"28":[0],"29":[2],"30":[0],"31":[18],"32":[0],"33":[26],"34":[23],"35":[2],"36":[1],"37":[23],"38":[24],"39":[23],"40":[1],"41":[25],"42":[21],"43":[20],"44":[1],"45":[23],"46":[1],"47":[21],"48":[0],"49":[0],"50":[21]},"fnMap":{"0":{"name":"get","decl":{"start":{"line":20,"column":11},"end":{"line":20,"column":51}},"loc":{"start":{"line":20,"column":11},"end":{"line":20,"column":51}},"line":20},"1":{"name":"get","decl":{"start":{"line":22,"column":43},"end":{"line":22,"column":44}},"loc":{"start":{"line":22,"column":43},"end":{"line":22,"column":44}},"line":22},"2":{"name":"get","decl":{"start":{"line":23,"column":59},"end":{"line":23,"column":60}},"loc":{"start":{"line":23,"column":59},"end":{"line":23,"column":60}},"line":23},"3":{"name":"cleanupEffect","decl":{"start":{"line":25,"column":0},"end":{"line":37,"column":13}},"loc":{"start":{"line":25,"column":0},"end":{"line":37,"column":13}},"line":25},"4":{"name":"ReactiveEffect","decl":{"start":{"line":42,"column":2},"end":{"line":47,"column":3}},"loc":{"start":{"line":42,"column":2},"end":{"line":47,"column":3}},"line":42},"5":{"name":"run","decl":{"start":{"line":49,"column":2},"end":{"line":74,"column":3}},"loc":{"start":{"line":49,"column":2},"end":{"line":74,"column":3}},"line":49},"6":{"name":"stop","decl":{"start":{"line":77,"column":2},"end":{"line":84,"column":1}},"loc":{"start":{"line":77,"column":2},"end":{"line":84,"column":1}},"line":77},"7":{"name":"get","decl":{"start":{"line":84,"column":0},"end":{"line":84,"column":1}},"loc":{"start":{"line":84,"column":0},"end":{"line":84,"column":1}},"line":84},"8":{"name":"isTracking","decl":{"start":{"line":89,"column":7},"end":{"line":91,"column":1}},"loc":{"start":{"line":89,"column":7},"end":{"line":91,"column":1}},"line":89},"9":{"name":"get","decl":{"start":{"line":91,"column":0},"end":{"line":91,"column":1}},"loc":{"start":{"line":91,"column":0},"end":{"line":91,"column":1}},"line":91},"10":{"name":"track","decl":{"start":{"line":94,"column":7},"end":{"line":119,"column":1}},"loc":{"start":{"line":94,"column":7},"end":{"line":119,"column":1}},"line":94},"11":{"name":"get","decl":{"start":{"line":119,"column":0},"end":{"line":119,"column":1}},"loc":{"start":{"line":119,"column":0},"end":{"line":119,"column":1}},"line":119},"12":{"name":"trackEffects","decl":{"start":{"line":121,"column":7},"end":{"line":134,"column":1}},"loc":{"start":{"line":121,"column":7},"end":{"line":134,"column":1}},"line":121},"13":{"name":"get","decl":{"start":{"line":134,"column":0},"end":{"line":134,"column":1}},"loc":{"start":{"line":134,"column":0},"end":{"line":134,"column":1}},"line":134},"14":{"name":"trigger","decl":{"start":{"line":146,"column":7},"end":{"line":218,"column":1}},"loc":{"start":{"line":146,"column":7},"end":{"line":218,"column":1}},"line":146},"15":{"name":"get","decl":{"start":{"line":218,"column":0},"end":{"line":218,"column":1}},"loc":{"start":{"line":218,"column":0},"end":{"line":218,"column":1}},"line":218},"16":{"name":"triggerEffects","decl":{"start":{"line":220,"column":7},"end":{"line":232,"column":1}},"loc":{"start":{"line":220,"column":7},"end":{"line":232,"column":1}},"line":220},"17":{"name":"get","decl":{"start":{"line":232,"column":0},"end":{"line":232,"column":1}},"loc":{"start":{"line":232,"column":0},"end":{"line":232,"column":1}},"line":232},"18":{"name":"effect","decl":{"start":{"line":234,"column":7},"end":{"line":251,"column":1}},"loc":{"start":{"line":234,"column":7},"end":{"line":251,"column":1}},"line":234},"19":{"name":"get","decl":{"start":{"line":251,"column":0},"end":{"line":251,"column":1}},"loc":{"start":{"line":251,"column":0},"end":{"line":251,"column":1}},"line":251}},"f":{"0":0,"1":2,"2":0,"3":43,"4":23,"5":43,"6":0,"7":2,"8":79,"9":3,"10":76,"11":76,"12":60,"13":2,"14":23,"15":23,"16":24,"17":1,"18":21,"19":21}}
,"F:\\forTest\\v-rmake\\packages\\reactivity\\src\\operations.ts": {"path":"F:\\forTest\\v-rmake\\packages\\reactivity\\src\\operations.ts","all":false,"statementMap":{"0":{"start":{"line":1,"column":0},"end":{"line":1,"column":0}},"1":{"start":{"line":2,"column":0},"end":{"line":2,"column":0}},"2":{"start":{"line":3,"column":0},"end":{"line":3,"column":32}},"3":{"start":{"line":4,"column":0},"end":{"line":4,"column":14}},"4":{"start":{"line":5,"column":0},"end":{"line":5,"column":14}},"5":{"start":{"line":6,"column":0},"end":{"line":6,"column":21}},"6":{"start":{"line":7,"column":0},"end":{"line":7,"column":1}},"7":{"start":{"line":8,"column":0},"end":{"line":8,"column":0}},"8":{"start":{"line":9,"column":0},"end":{"line":9,"column":34}},"9":{"start":{"line":10,"column":0},"end":{"line":10,"column":14}},"10":{"start":{"line":11,"column":0},"end":{"line":11,"column":14}},"11":{"start":{"line":12,"column":0},"end":{"line":12,"column":20}},"12":{"start":{"line":13,"column":0},"end":{"line":13,"column":17}},"13":{"start":{"line":14,"column":0},"end":{"line":14,"column":1}}},"s":{"0":1,"1":1,"2":1,"3":1,"4":1,"5":1,"6":1,"7":1,"8":1,"9":1,"10":1,"11":1,"12":1,"13":1},"branchMap":{"0":{"type":"branch","line":3,"loc":{"start":{"line":3,"column":7},"end":{"line":3,"column":32}},"locations":[{"start":{"line":3,"column":7},"end":{"line":3,"column":32}}]},"1":{"type":"branch","line":3,"loc":{"start":{"line":3,"column":18},"end":{"line":3,"column":32}},"locations":[{"start":{"line":3,"column":18},"end":{"line":3,"column":32}}]},"2":{"type":"branch","line":9,"loc":{"start":{"line":9,"column":18},"end":{"line":9,"column":34}},"locations":[{"start":{"line":9,"column":18},"end":{"line":9,"column":34}}]},"3":{"type":"branch","line":9,"loc":{"start":{"line":9,"column":18},"end":{"line":9,"column":34}},"locations":[{"start":{"line":9,"column":18},"end":{"line":9,"column":34}}]}},"b":{"0":[3],"1":[5],"2":[3],"3":[80]},"fnMap":{"0":{"name":"get","decl":{"start":{"line":3,"column":18},"end":{"line":3,"column":32}},"loc":{"start":{"line":3,"column":18},"end":{"line":3,"column":32}},"line":3},"1":{"name":"get","decl":{"start":{"line":9,"column":18},"end":{"line":9,"column":34}},"loc":{"start":{"line":9,"column":18},"end":{"line":9,"column":34}},"line":9}},"f":{"0":5,"1":80}}
,"F:\\forTest\\v-rmake\\packages\\reactivity\\src\\reactive.ts": {"path":"F:\\forTest\\v-rmake\\packages\\reactivity\\src\\reactive.ts","all":false,"statementMap":{"0":{"start":{"line":1,"column":0},"end":{"line":1,"column":38}},"1":{"start":{"line":2,"column":0},"end":{"line":2,"column":0}},"2":{"start":{"line":3,"column":0},"end":{"line":3,"column":116}},"3":{"start":{"line":4,"column":0},"end":{"line":4,"column":0}},"4":{"start":{"line":5,"column":0},"end":{"line":5,"column":0}},"5":{"start":{"line":6,"column":0},"end":{"line":6,"column":63}},"6":{"start":{"line":7,"column":0},"end":{"line":7,"column":0}},"7":{"start":{"line":8,"column":0},"end":{"line":8,"column":7}},"8":{"start":{"line":9,"column":0},"end":{"line":9,"column":109}},"9":{"start":{"line":10,"column":0},"end":{"line":10,"column":0}},"10":{"start":{"line":11,"column":0},"end":{"line":11,"column":17}},"11":{"start":{"line":12,"column":0},"end":{"line":12,"column":26}},"12":{"start":{"line":13,"column":0},"end":{"line":13,"column":95}},"13":{"start":{"line":14,"column":0},"end":{"line":14,"column":20}},"14":{"start":{"line":15,"column":0},"end":{"line":15,"column":70}},"15":{"start":{"line":16,"column":0},"end":{"line":16,"column":5}},"16":{"start":{"line":17,"column":0},"end":{"line":17,"column":17}},"17":{"start":{"line":18,"column":0},"end":{"line":18,"column":3}},"18":{"start":{"line":19,"column":0},"end":{"line":19,"column":0}},"19":{"start":{"line":20,"column":0},"end":{"line":20,"column":111}},"20":{"start":{"line":21,"column":0},"end":{"line":21,"column":46}},"21":{"start":{"line":22,"column":0},"end":{"line":22,"column":88}},"22":{"start":{"line":23,"column":0},"end":{"line":23,"column":31}},"23":{"start":{"line":24,"column":0},"end":{"line":24,"column":54}},"24":{"start":{"line":25,"column":0},"end":{"line":25,"column":17}},"25":{"start":{"line":26,"column":0},"end":{"line":26,"column":3}},"26":{"start":{"line":27,"column":0},"end":{"line":27,"column":0}},"27":{"start":{"line":28,"column":0},"end":{"line":28,"column":80}},"28":{"start":{"line":29,"column":0},"end":{"line":29,"column":47}},"29":{"start":{"line":30,"column":0},"end":{"line":30,"column":0}},"30":{"start":{"line":31,"column":0},"end":{"line":31,"column":22}},"31":{"start":{"line":32,"column":0},"end":{"line":32,"column":24}},"32":{"start":{"line":33,"column":0},"end":{"line":33,"column":3}},"33":{"start":{"line":34,"column":0},"end":{"line":34,"column":0}},"34":{"start":{"line":35,"column":0},"end":{"line":35,"column":55}},"35":{"start":{"line":36,"column":0},"end":{"line":36,"column":0}},"36":{"start":{"line":37,"column":0},"end":{"line":37,"column":38}},"37":{"start":{"line":38,"column":0},"end":{"line":38,"column":22}},"38":{"start":{"line":39,"column":0},"end":{"line":39,"column":1}},"39":{"start":{"line":40,"column":0},"end":{"line":40,"column":0}},"40":{"start":{"line":41,"column":0},"end":{"line":41,"column":57}},"41":{"start":{"line":42,"column":0},"end":{"line":42,"column":71}},"42":{"start":{"line":43,"column":0},"end":{"line":43,"column":82}},"43":{"start":{"line":44,"column":0},"end":{"line":44,"column":30}},"44":{"start":{"line":45,"column":0},"end":{"line":45,"column":11}},"45":{"start":{"line":46,"column":0},"end":{"line":46,"column":10}},"46":{"start":{"line":47,"column":0},"end":{"line":47,"column":27}},"47":{"start":{"line":48,"column":0},"end":{"line":48,"column":3}},"48":{"start":{"line":49,"column":0},"end":{"line":49,"column":1}},"49":{"start":{"line":50,"column":0},"end":{"line":50,"column":0}},"50":{"start":{"line":51,"column":0},"end":{"line":51,"column":42}},"51":{"start":{"line":52,"column":0},"end":{"line":52,"column":30}},"52":{"start":{"line":53,"column":0},"end":{"line":53,"column":11}},"53":{"start":{"line":54,"column":0},"end":{"line":54,"column":10}},"54":{"start":{"line":55,"column":0},"end":{"line":55,"column":19}},"55":{"start":{"line":56,"column":0},"end":{"line":56,"column":3}},"56":{"start":{"line":57,"column":0},"end":{"line":57,"column":1}},"57":{"start":{"line":58,"column":0},"end":{"line":58,"column":0}},"58":{"start":{"line":59,"column":0},"end":{"line":59,"column":55}},"59":{"start":{"line":60,"column":0},"end":{"line":60,"column":30}},"60":{"start":{"line":61,"column":0},"end":{"line":61,"column":11}},"61":{"start":{"line":62,"column":0},"end":{"line":62,"column":9}},"62":{"start":{"line":63,"column":0},"end":{"line":63,"column":20}},"63":{"start":{"line":64,"column":0},"end":{"line":64,"column":3}},"64":{"start":{"line":65,"column":0},"end":{"line":65,"column":1}},"65":{"start":{"line":66,"column":0},"end":{"line":66,"column":0}},"66":{"start":{"line":67,"column":0},"end":{"line":67,"column":0}},"67":{"start":{"line":68,"column":0},"end":{"line":68,"column":75}},"68":{"start":{"line":69,"column":0},"end":{"line":69,"column":30}},"69":{"start":{"line":70,"column":0},"end":{"line":70,"column":11}},"70":{"start":{"line":71,"column":0},"end":{"line":71,"column":9}},"71":{"start":{"line":72,"column":0},"end":{"line":72,"column":28}},"72":{"start":{"line":73,"column":0},"end":{"line":73,"column":3}},"73":{"start":{"line":74,"column":0},"end":{"line":74,"column":1}},"74":{"start":{"line":75,"column":0},"end":{"line":75,"column":0}},"75":{"start":{"line":76,"column":0},"end":{"line":76,"column":0}},"76":{"start":{"line":77,"column":0},"end":{"line":77,"column":0}},"77":{"start":{"line":78,"column":0},"end":{"line":78,"column":0}},"78":{"start":{"line":79,"column":0},"end":{"line":79,"column":0}},"79":{"start":{"line":80,"column":0},"end":{"line":80,"column":25}},"80":{"start":{"line":81,"column":0},"end":{"line":81,"column":32}},"81":{"start":{"line":82,"column":0},"end":{"line":82,"column":39}},"82":{"start":{"line":83,"column":0},"end":{"line":83,"column":39}},"83":{"start":{"line":84,"column":0},"end":{"line":84,"column":38}},"84":{"start":{"line":85,"column":0},"end":{"line":85,"column":27}},"85":{"start":{"line":86,"column":0},"end":{"line":86,"column":1}},"86":{"start":{"line":87,"column":0},"end":{"line":87,"column":0}},"87":{"start":{"line":88,"column":0},"end":{"line":88,"column":33}},"88":{"start":{"line":89,"column":0},"end":{"line":89,"column":20}},"89":{"start":{"line":90,"column":0},"end":{"line":90,"column":50}},"90":{"start":{"line":91,"column":0},"end":{"line":91,"column":33}},"91":{"start":{"line":92,"column":0},"end":{"line":92,"column":31}},"92":{"start":{"line":93,"column":0},"end":{"line":93,"column":17}},"93":{"start":{"line":94,"column":0},"end":{"line":94,"column":1}},"94":{"start":{"line":95,"column":0},"end":{"line":95,"column":0}},"95":{"start":{"line":96,"column":0},"end":{"line":96,"column":42}},"96":{"start":{"line":97,"column":0},"end":{"line":97,"column":78}},"97":{"start":{"line":98,"column":0},"end":{"line":98,"column":65}},"98":{"start":{"line":99,"column":0},"end":{"line":99,"column":76}},"99":{"start":{"line":100,"column":0},"end":{"line":100,"column":36}},"100":{"start":{"line":101,"column":0},"end":{"line":101,"column":1}},"101":{"start":{"line":102,"column":0},"end":{"line":102,"column":0}},"102":{"start":{"line":103,"column":0},"end":{"line":103,"column":61}},"103":{"start":{"line":104,"column":0},"end":{"line":104,"column":21}},"104":{"start":{"line":105,"column":0},"end":{"line":105,"column":103}},"105":{"start":{"line":106,"column":0},"end":{"line":106,"column":30}},"106":{"start":{"line":107,"column":0},"end":{"line":107,"column":53}}},"s":{"0":1,"1":1,"2":1,"3":1,"4":1,"5":1,"6":1,"7":1,"8":1,"9":58,"10":58,"11":58,"12":0,"13":0,"14":0,"15":0,"16":0,"17":0,"18":0,"19":0,"20":0,"21":58,"22":3,"23":3,"24":3,"25":3,"26":3,"27":3,"28":58,"29":55,"30":55,"31":12,"32":12,"33":12,"34":58,"35":43,"36":43,"37":43,"38":0,"39":1,"40":1,"41":1,"42":1,"43":3,"44":3,"45":3,"46":3,"47":3,"48":3,"49":1,"50":1,"51":41,"52":41,"53":41,"54":41,"55":41,"56":41,"57":1,"58":1,"59":12,"60":12,"61":12,"62":12,"63":12,"64":12,"65":1,"66":1,"67":1,"68":2,"69":2,"70":2,"71":2,"72":2,"73":2,"74":1,"75":1,"76":1,"77":1,"78":1,"79":1,"80":1,"81":1,"82":1,"83":1,"84":1,"85":1,"86":1,"87":1,"88":1,"89":1,"90":1,"91":1,"92":1,"93":1,"94":1,"95":1,"96":50,"97":50,"98":50,"99":50,"100":24,"101":1,"102":1,"103":0,"104":0,"105":0,"106":0},"branchMap":{"0":{"type":"branch","line":9,"loc":{"start":{"line":9,"column":7},"end":{"line":39,"column":1}},"locations":[{"start":{"line":9,"column":7},"end":{"line":39,"column":1}}]},"1":{"type":"branch","line":12,"loc":{"start":{"line":12,"column":25},"end":{"line":22,"column":6}},"locations":[{"start":{"line":12,"column":25},"end":{"line":22,"column":6}}]},"2":{"type":"branch","line":22,"loc":{"start":{"line":22,"column":27},"end":{"line":22,"column":87}},"locations":[{"start":{"line":22,"column":27},"end":{"line":22,"column":87}}]},"3":{"type":"branch","line":22,"loc":{"start":{"line":22,"column":37},"end":{"line":22,"column":87}},"locations":[{"start":{"line":22,"column":37},"end":{"line":22,"column":87}}]},"4":{"type":"branch","line":22,"loc":{"start":{"line":22,"column":87},"end":{"line":29,"column":8}},"locations":[{"start":{"line":22,"column":87},"end":{"line":29,"column":8}}]},"5":{"type":"branch","line":29,"loc":{"start":{"line":29,"column":2},"end":{"line":31,"column":22}},"locations":[{"start":{"line":29,"column":2},"end":{"line":31,"column":22}}]},"6":{"type":"branch","line":31,"loc":{"start":{"line":31,"column":21},"end":{"line":35,"column":8}},"locations":[{"start":{"line":31,"column":21},"end":{"line":35,"column":8}}]},"7":{"type":"branch","line":35,"loc":{"start":{"line":35,"column":2},"end":{"line":39,"column":1}},"locations":[{"start":{"line":35,"column":2},"end":{"line":39,"column":1}}]},"8":{"type":"branch","line":43,"loc":{"start":{"line":43,"column":7},"end":{"line":49,"column":1}},"locations":[{"start":{"line":43,"column":7},"end":{"line":49,"column":1}}]},"9":{"type":"branch","line":49,"loc":{"start":{"line":49,"column":0},"end":{"line":49,"column":1}},"locations":[{"start":{"line":49,"column":0},"end":{"line":49,"column":1}}]},"10":{"type":"branch","line":51,"loc":{"start":{"line":51,"column":7},"end":{"line":57,"column":1}},"locations":[{"start":{"line":51,"column":7},"end":{"line":57,"column":1}}]},"11":{"type":"branch","line":57,"loc":{"start":{"line":57,"column":0},"end":{"line":57,"column":1}},"locations":[{"start":{"line":57,"column":0},"end":{"line":57,"column":1}}]},"12":{"type":"branch","line":59,"loc":{"start":{"line":59,"column":7},"end":{"line":65,"column":1}},"locations":[{"start":{"line":59,"column":7},"end":{"line":65,"column":1}}]},"13":{"type":"branch","line":65,"loc":{"start":{"line":65,"column":0},"end":{"line":65,"column":1}},"locations":[{"start":{"line":65,"column":0},"end":{"line":65,"column":1}}]},"14":{"type":"branch","line":68,"loc":{"start":{"line":68,"column":7},"end":{"line":74,"column":1}},"locations":[{"start":{"line":68,"column":7},"end":{"line":74,"column":1}}]},"15":{"type":"branch","line":74,"loc":{"start":{"line":74,"column":0},"end":{"line":74,"column":1}},"locations":[{"start":{"line":74,"column":0},"end":{"line":74,"column":1}}]},"16":{"type":"branch","line":88,"loc":{"start":{"line":88,"column":18},"end":{"line":88,"column":33}},"locations":[{"start":{"line":88,"column":18},"end":{"line":88,"column":33}}]},"17":{"type":"branch","line":88,"loc":{"start":{"line":88,"column":18},"end":{"line":88,"column":33}},"locations":[{"start":{"line":88,"column":18},"end":{"line":88,"column":33}}]},"18":{"type":"branch","line":96,"loc":{"start":{"line":96,"column":7},"end":{"line":101,"column":1}},"locations":[{"start":{"line":96,"column":7},"end":{"line":101,"column":1}}]},"19":{"type":"branch","line":100,"loc":{"start":{"line":100,"column":9},"end":{"line":100,"column":28}},"locations":[{"start":{"line":100,"column":9},"end":{"line":100,"column":28}}]},"20":{"type":"branch","line":100,"loc":{"start":{"line":100,"column":24},"end":{"line":100,"column":36}},"locations":[{"start":{"line":100,"column":24},"end":{"line":100,"column":36}}]},"21":{"type":"branch","line":101,"loc":{"start":{"line":101,"column":0},"end":{"line":101,"column":1}},"locations":[{"start":{"line":101,"column":0},"end":{"line":101,"column":1}}]}},"b":{"0":[58],"1":[0],"2":[15],"3":[12],"4":[3],"5":[55],"6":[12],"7":[43],"8":[3],"9":[3],"10":[41],"11":[41],"12":[12],"13":[12],"14":[2],"15":[2],"16":[3],"17":[515],"18":[50],"19":[26],"20":[24],"21":[24]},"fnMap":{"0":{"name":"createReactiveObject","decl":{"start":{"line":9,"column":7},"end":{"line":39,"column":1}},"loc":{"start":{"line":9,"column":7},"end":{"line":39,"column":1}},"line":9},"1":{"name":"get","decl":{"start":{"line":39,"column":0},"end":{"line":39,"column":1}},"loc":{"start":{"line":39,"column":0},"end":{"line":39,"column":1}},"line":39},"2":{"name":"shallowReactive","decl":{"start":{"line":43,"column":7},"end":{"line":49,"column":1}},"loc":{"start":{"line":43,"column":7},"end":{"line":49,"column":1}},"line":43},"3":{"name":"get","decl":{"start":{"line":49,"column":0},"end":{"line":49,"column":1}},"loc":{"start":{"line":49,"column":0},"end":{"line":49,"column":1}},"line":49},"4":{"name":"reactive","decl":{"start":{"line":51,"column":7},"end":{"line":57,"column":1}},"loc":{"start":{"line":51,"column":7},"end":{"line":57,"column":1}},"line":51},"5":{"name":"get","decl":{"start":{"line":57,"column":0},"end":{"line":57,"column":1}},"loc":{"start":{"line":57,"column":0},"end":{"line":57,"column":1}},"line":57},"6":{"name":"readonly","decl":{"start":{"line":59,"column":7},"end":{"line":65,"column":1}},"loc":{"start":{"line":59,"column":7},"end":{"line":65,"column":1}},"line":59},"7":{"name":"get","decl":{"start":{"line":65,"column":0},"end":{"line":65,"column":1}},"loc":{"start":{"line":65,"column":0},"end":{"line":65,"column":1}},"line":65},"8":{"name":"shallowReadonly","decl":{"start":{"line":68,"column":7},"end":{"line":74,"column":1}},"loc":{"start":{"line":68,"column":7},"end":{"line":74,"column":1}},"line":68},"9":{"name":"get","decl":{"start":{"line":74,"column":0},"end":{"line":74,"column":1}},"loc":{"start":{"line":74,"column":0},"end":{"line":74,"column":1}},"line":74},"10":{"name":"get","decl":{"start":{"line":88,"column":18},"end":{"line":88,"column":33}},"loc":{"start":{"line":88,"column":18},"end":{"line":88,"column":33}},"line":88},"11":{"name":"toRaw","decl":{"start":{"line":96,"column":7},"end":{"line":101,"column":1}},"loc":{"start":{"line":96,"column":7},"end":{"line":101,"column":1}},"line":96},"12":{"name":"get","decl":{"start":{"line":101,"column":0},"end":{"line":101,"column":1}},"loc":{"start":{"line":101,"column":0},"end":{"line":101,"column":1}},"line":101},"13":{"name":"toReactive","decl":{"start":{"line":103,"column":46},"end":{"line":107,"column":53}},"loc":{"start":{"line":103,"column":46},"end":{"line":107,"column":53}},"line":103},"14":{"name":"get","decl":{"start":{"line":107,"column":48},"end":{"line":107,"column":53}},"loc":{"start":{"line":107,"column":48},"end":{"line":107,"column":53}},"line":107}},"f":{"0":58,"1":0,"2":3,"3":3,"4":41,"5":41,"6":12,"7":12,"8":2,"9":2,"10":515,"11":50,"12":24,"13":0,"14":0}}
,"F:\\forTest\\v-rmake\\packages\\reactivity\\src\\warning.ts": {"path":"F:\\forTest\\v-rmake\\packages\\reactivity\\src\\warning.ts","all":false,"statementMap":{"0":{"start":{"line":1,"column":0},"end":{"line":1,"column":51}},"1":{"start":{"line":2,"column":0},"end":{"line":2,"column":44}},"2":{"start":{"line":3,"column":0},"end":{"line":3,"column":1}}},"s":{"0":1,"1":1,"2":1},"branchMap":{"0":{"type":"branch","line":1,"loc":{"start":{"line":1,"column":50},"end":{"line":3,"column":1}},"locations":[{"start":{"line":1,"column":50},"end":{"line":3,"column":1}}]},"1":{"type":"branch","line":3,"loc":{"start":{"line":3,"column":0},"end":{"line":3,"column":1}},"locations":[{"start":{"line":3,"column":0},"end":{"line":3,"column":1}}]}},"b":{"0":[1],"1":[1]},"fnMap":{"0":{"name":"warn","decl":{"start":{"line":1,"column":50},"end":{"line":3,"column":1}},"loc":{"start":{"line":1,"column":50},"end":{"line":3,"column":1}},"line":1},"1":{"name":"get","decl":{"start":{"line":3,"column":0},"end":{"line":3,"column":1}},"loc":{"start":{"line":3,"column":0},"end":{"line":3,"column":1}},"line":3}},"f":{"0":1,"1":1}}
,"F:\\forTest\\v-rmake\\packages\\shared\\src\\index.ts": {"path":"F:\\forTest\\v-rmake\\packages\\shared\\src\\index.ts","all":false,"statementMap":{"0":{"start":{"line":1,"column":0},"end":{"line":1,"column":17}},"1":{"start":{"line":2,"column":0},"end":{"line":2,"column":106}},"2":{"start":{"line":3,"column":0},"end":{"line":3,"column":0}},"3":{"start":{"line":4,"column":0},"end":{"line":4,"column":0}},"4":{"start":{"line":5,"column":0},"end":{"line":5,"column":12}},"5":{"start":{"line":6,"column":0},"end":{"line":6,"column":86}},"6":{"start":{"line":7,"column":0},"end":{"line":7,"column":0}},"7":{"start":{"line":8,"column":0},"end":{"line":8,"column":0}},"8":{"start":{"line":9,"column":0},"end":{"line":9,"column":13}},"9":{"start":{"line":10,"column":0},"end":{"line":10,"column":29}},"10":{"start":{"line":11,"column":0},"end":{"line":11,"column":0}},"11":{"start":{"line":12,"column":0},"end":{"line":12,"column":0}},"12":{"start":{"line":13,"column":0},"end":{"line":13,"column":7}},"13":{"start":{"line":14,"column":0},"end":{"line":14,"column":36}},"14":{"start":{"line":15,"column":0},"end":{"line":15,"column":0}},"15":{"start":{"line":16,"column":0},"end":{"line":16,"column":0}},"16":{"start":{"line":17,"column":0},"end":{"line":17,"column":8}},"17":{"start":{"line":18,"column":0},"end":{"line":18,"column":97}},"18":{"start":{"line":19,"column":0},"end":{"line":19,"column":55}},"19":{"start":{"line":20,"column":0},"end":{"line":20,"column":82}},"20":{"start":{"line":21,"column":0},"end":{"line":21,"column":0}},"21":{"start":{"line":22,"column":0},"end":{"line":22,"column":0}},"22":{"start":{"line":23,"column":0},"end":{"line":23,"column":35}},"23":{"start":{"line":24,"column":0},"end":{"line":24,"column":0}},"24":{"start":{"line":25,"column":0},"end":{"line":25,"column":0}},"25":{"start":{"line":26,"column":0},"end":{"line":26,"column":27}},"26":{"start":{"line":27,"column":0},"end":{"line":27,"column":54}},"27":{"start":{"line":28,"column":0},"end":{"line":28,"column":23}},"28":{"start":{"line":29,"column":0},"end":{"line":29,"column":14}},"29":{"start":{"line":30,"column":0},"end":{"line":30,"column":22}},"30":{"start":{"line":31,"column":0},"end":{"line":31,"column":89}},"31":{"start":{"line":32,"column":0},"end":{"line":32,"column":0}},"32":{"start":{"line":33,"column":0},"end":{"line":33,"column":0}},"33":{"start":{"line":34,"column":0},"end":{"line":34,"column":80}},"34":{"start":{"line":35,"column":0},"end":{"line":35,"column":22}},"35":{"start":{"line":36,"column":0},"end":{"line":36,"column":128}},"36":{"start":{"line":37,"column":0},"end":{"line":37,"column":0}},"37":{"start":{"line":38,"column":0},"end":{"line":38,"column":0}},"38":{"start":{"line":39,"column":0},"end":{"line":39,"column":79}},"39":{"start":{"line":40,"column":0},"end":{"line":40,"column":93}},"40":{"start":{"line":41,"column":0},"end":{"line":41,"column":0}},"41":{"start":{"line":42,"column":0},"end":{"line":42,"column":0}},"42":{"start":{"line":43,"column":0},"end":{"line":43,"column":44}},"43":{"start":{"line":44,"column":0},"end":{"line":44,"column":27}},"44":{"start":{"line":45,"column":0},"end":{"line":45,"column":27}},"45":{"start":{"line":46,"column":0},"end":{"line":46,"column":1}}},"s":{"0":1,"1":1,"2":1,"3":1,"4":1,"5":1,"6":1,"7":1,"8":1,"9":1,"10":1,"11":1,"12":1,"13":1,"14":1,"15":1,"16":1,"17":1,"18":1,"19":1,"20":1,"21":1,"22":1,"23":1,"24":1,"25":1,"26":1,"27":1,"28":1,"29":22,"30":22,"31":1,"32":1,"33":1,"34":1,"35":1,"36":1,"37":1,"38":1,"39":1,"40":1,"41":1,"42":1,"43":2,"44":2,"45":2},"branchMap":{"0":{"type":"branch","line":2,"loc":{"start":{"line":2,"column":98},"end":{"line":2,"column":106}},"locations":[{"start":{"line":2,"column":98},"end":{"line":2,"column":106}}]},"1":{"type":"branch","line":2,"loc":{"start":{"line":2,"column":98},"end":{"line":2,"column":106}},"locations":[{"start":{"line":2,"column":98},"end":{"line":2,"column":106}}]},"2":{"type":"branch","line":6,"loc":{"start":{"line":6,"column":27},"end":{"line":6,"column":86}},"locations":[{"start":{"line":6,"column":27},"end":{"line":6,"column":86}}]},"3":{"type":"branch","line":6,"loc":{"start":{"line":6,"column":76},"end":{"line":6,"column":86}},"locations":[{"start":{"line":6,"column":76},"end":{"line":6,"column":86}}]},"4":{"type":"branch","line":10,"loc":{"start":{"line":10,"column":28},"end":{"line":10,"column":29}},"locations":[{"start":{"line":10,"column":28},"end":{"line":10,"column":29}}]},"5":{"type":"branch","line":14,"loc":{"start":{"line":14,"column":29},"end":{"line":14,"column":36}},"locations":[{"start":{"line":14,"column":29},"end":{"line":14,"column":36}}]},"6":{"type":"branch","line":18,"loc":{"start":{"line":18,"column":22},"end":{"line":18,"column":97}},"locations":[{"start":{"line":18,"column":22},"end":{"line":18,"column":97}}]},"7":{"type":"branch","line":18,"loc":{"start":{"line":18,"column":83},"end":{"line":18,"column":97}},"locations":[{"start":{"line":18,"column":83},"end":{"line":18,"column":97}}]},"8":{"type":"branch","line":20,"loc":{"start":{"line":20,"column":29},"end":{"line":20,"column":82}},"locations":[{"start":{"line":20,"column":29},"end":{"line":20,"column":82}}]},"9":{"type":"branch","line":23,"loc":{"start":{"line":23,"column":29},"end":{"line":23,"column":35}},"locations":[{"start":{"line":23,"column":29},"end":{"line":23,"column":35}}]},"10":{"type":"branch","line":29,"loc":{"start":{"line":29,"column":2},"end":{"line":31,"column":89}},"locations":[{"start":{"line":29,"column":2},"end":{"line":31,"column":89}}]},"11":{"type":"branch","line":31,"loc":{"start":{"line":31,"column":58},"end":{"line":31,"column":89}},"locations":[{"start":{"line":31,"column":58},"end":{"line":31,"column":89}}]},"12":{"type":"branch","line":34,"loc":{"start":{"line":34,"column":25},"end":{"line":34,"column":80}},"locations":[{"start":{"line":34,"column":25},"end":{"line":34,"column":80}}]},"13":{"type":"branch","line":36,"loc":{"start":{"line":36,"column":29},"end":{"line":36,"column":128}},"locations":[{"start":{"line":36,"column":29},"end":{"line":36,"column":128}}]},"14":{"type":"branch","line":36,"loc":{"start":{"line":36,"column":125},"end":{"line":36,"column":128}},"locations":[{"start":{"line":36,"column":125},"end":{"line":36,"column":128}}]},"15":{"type":"branch","line":40,"loc":{"start":{"line":40,"column":27},"end":{"line":40,"column":93}},"locations":[{"start":{"line":40,"column":27},"end":{"line":40,"column":93}}]},"16":{"type":"branch","line":40,"loc":{"start":{"line":40,"column":92},"end":{"line":40,"column":93}},"locations":[{"start":{"line":40,"column":92},"end":{"line":40,"column":93}}]},"17":{"type":"branch","line":43,"loc":{"start":{"line":43,"column":25},"end":{"line":46,"column":1}},"locations":[{"start":{"line":43,"column":25},"end":{"line":46,"column":1}}]},"18":{"type":"branch","line":45,"loc":{"start":{"line":45,"column":16},"end":{"line":45,"column":26}},"locations":[{"start":{"line":45,"column":16},"end":{"line":45,"column":26}}]},"19":{"type":"branch","line":46,"loc":{"start":{"line":46,"column":0},"end":{"line":46,"column":1}},"locations":[{"start":{"line":46,"column":0},"end":{"line":46,"column":1}}]}},"b":{"0":[137],"1":[137],"2":[2],"3":[2],"4":[2],"5":[58],"6":[19],"7":[19],"8":[19],"9":[6],"10":[22],"11":[22],"12":[6],"13":[6],"14":[6],"15":[20],"16":[20],"17":[2],"18":[0],"19":[2]},"fnMap":{"0":{"name":"isObject","decl":{"start":{"line":2,"column":98},"end":{"line":2,"column":106}},"loc":{"start":{"line":2,"column":98},"end":{"line":2,"column":106}},"line":2},"1":{"name":"get","decl":{"start":{"line":2,"column":98},"end":{"line":2,"column":106}},"loc":{"start":{"line":2,"column":98},"end":{"line":2,"column":106}},"line":2},"2":{"name":"isFunction","decl":{"start":{"line":6,"column":27},"end":{"line":6,"column":86}},"loc":{"start":{"line":6,"column":27},"end":{"line":6,"column":86}},"line":6},"3":{"name":"get","decl":{"start":{"line":6,"column":76},"end":{"line":6,"column":86}},"loc":{"start":{"line":6,"column":76},"end":{"line":6,"column":86}},"line":6},"4":{"name":"NOOP","decl":{"start":{"line":10,"column":20},"end":{"line":10,"column":29}},"loc":{"start":{"line":10,"column":20},"end":{"line":10,"column":29}},"line":10},"5":{"name":"get","decl":{"start":{"line":10,"column":28},"end":{"line":10,"column":29}},"loc":{"start":{"line":10,"column":28},"end":{"line":10,"column":29}},"line":10},"6":{"name":"get","decl":{"start":{"line":14,"column":29},"end":{"line":14,"column":36}},"loc":{"start":{"line":14,"column":29},"end":{"line":14,"column":36}},"line":14},"7":{"name":"isMap","decl":{"start":{"line":18,"column":22},"end":{"line":18,"column":97}},"loc":{"start":{"line":18,"column":22},"end":{"line":18,"column":97}},"line":18},"8":{"name":"get","decl":{"start":{"line":18,"column":83},"end":{"line":18,"column":97}},"loc":{"start":{"line":18,"column":83},"end":{"line":18,"column":97}},"line":18},"9":{"name":"get","decl":{"start":{"line":19,"column":47},"end":{"line":19,"column":55}},"loc":{"start":{"line":19,"column":47},"end":{"line":19,"column":55}},"line":19},"10":{"name":"toTypeString","decl":{"start":{"line":20,"column":29},"end":{"line":20,"column":82}},"loc":{"start":{"line":20,"column":29},"end":{"line":20,"column":82}},"line":20},"11":{"name":"get","decl":{"start":{"line":20,"column":81},"end":{"line":20,"column":82}},"loc":{"start":{"line":20,"column":81},"end":{"line":20,"column":82}},"line":20},"12":{"name":"get","decl":{"start":{"line":23,"column":29},"end":{"line":23,"column":35}},"loc":{"start":{"line":23,"column":29},"end":{"line":23,"column":35}},"line":23},"13":{"name":"hasOwn","decl":{"start":{"line":29,"column":2},"end":{"line":31,"column":89}},"loc":{"start":{"line":29,"column":2},"end":{"line":31,"column":89}},"line":29},"14":{"name":"get","decl":{"start":{"line":31,"column":58},"end":{"line":31,"column":89}},"loc":{"start":{"line":31,"column":58},"end":{"line":31,"column":89}},"line":31},"15":{"name":"isString","decl":{"start":{"line":34,"column":25},"end":{"line":34,"column":80}},"loc":{"start":{"line":34,"column":25},"end":{"line":34,"column":80}},"line":34},"16":{"name":"get","decl":{"start":{"line":34,"column":72},"end":{"line":34,"column":80}},"loc":{"start":{"line":34,"column":72},"end":{"line":34,"column":80}},"line":34},"17":{"name":"isIntegerKey","decl":{"start":{"line":36,"column":29},"end":{"line":36,"column":128}},"loc":{"start":{"line":36,"column":29},"end":{"line":36,"column":128}},"line":36},"18":{"name":"get","decl":{"start":{"line":36,"column":125},"end":{"line":36,"column":128}},"loc":{"start":{"line":36,"column":125},"end":{"line":36,"column":128}},"line":36},"19":{"name":"hasChanged","decl":{"start":{"line":40,"column":27},"end":{"line":40,"column":93}},"loc":{"start":{"line":40,"column":27},"end":{"line":40,"column":93}},"line":40},"20":{"name":"get","decl":{"start":{"line":40,"column":92},"end":{"line":40,"column":93}},"loc":{"start":{"line":40,"column":92},"end":{"line":40,"column":93}},"line":40},"21":{"name":"toNumber","decl":{"start":{"line":43,"column":25},"end":{"line":46,"column":1}},"loc":{"start":{"line":43,"column":25},"end":{"line":46,"column":1}},"line":43},"22":{"name":"get","decl":{"start":{"line":46,"column":0},"end":{"line":46,"column":1}},"loc":{"start":{"line":46,"column":0},"end":{"line":46,"column":1}},"line":46}},"f":{"0":137,"1":137,"2":2,"3":2,"4":0,"5":2,"6":58,"7":19,"8":19,"9":0,"10":19,"11":0,"12":6,"13":22,"14":22,"15":6,"16":0,"17":6,"18":6,"19":20,"20":20,"21":2,"22":2}}
}
