{"F:\\forTest\\monorope2\\packages\\reactivity\\src\\baseHandlers.ts": {"path":"F:\\forTest\\monorope2\\packages\\reactivity\\src\\baseHandlers.ts","all":false,"statementMap":{"0":{"start":{"line":1,"column":0},"end":{"line":1,"column":50}},"1":{"start":{"line":2,"column":0},"end":{"line":2,"column":41}},"2":{"start":{"line":3,"column":0},"end":{"line":3,"column":0}},"3":{"start":{"line":4,"column":0},"end":{"line":4,"column":0}},"4":{"start":{"line":5,"column":0},"end":{"line":5,"column":60}},"5":{"start":{"line":6,"column":0},"end":{"line":6,"column":90}},"6":{"start":{"line":7,"column":0},"end":{"line":7,"column":31}},"7":{"start":{"line":8,"column":0},"end":{"line":8,"column":44}},"8":{"start":{"line":9,"column":0},"end":{"line":9,"column":17}},"9":{"start":{"line":10,"column":0},"end":{"line":10,"column":43}},"10":{"start":{"line":11,"column":0},"end":{"line":11,"column":19}},"11":{"start":{"line":12,"column":0},"end":{"line":12,"column":5}},"12":{"start":{"line":13,"column":0},"end":{"line":13,"column":28}},"13":{"start":{"line":14,"column":0},"end":{"line":14,"column":22}},"14":{"start":{"line":15,"column":0},"end":{"line":15,"column":45}},"15":{"start":{"line":16,"column":0},"end":{"line":16,"column":3}},"16":{"start":{"line":17,"column":0},"end":{"line":17,"column":1}},"17":{"start":{"line":18,"column":0},"end":{"line":18,"column":0}},"18":{"start":{"line":19,"column":0},"end":{"line":19,"column":40}},"19":{"start":{"line":20,"column":0},"end":{"line":20,"column":106}},"20":{"start":{"line":21,"column":0},"end":{"line":21,"column":28}},"21":{"start":{"line":22,"column":0},"end":{"line":22,"column":57}},"22":{"start":{"line":23,"column":0},"end":{"line":23,"column":24}},"23":{"start":{"line":24,"column":0},"end":{"line":24,"column":14}},"24":{"start":{"line":25,"column":0},"end":{"line":25,"column":3}},"25":{"start":{"line":26,"column":0},"end":{"line":26,"column":1}},"26":{"start":{"line":27,"column":0},"end":{"line":27,"column":0}},"27":{"start":{"line":28,"column":0},"end":{"line":28,"column":26}},"28":{"start":{"line":29,"column":0},"end":{"line":29,"column":26}},"29":{"start":{"line":30,"column":0},"end":{"line":30,"column":0}},"30":{"start":{"line":31,"column":0},"end":{"line":31,"column":54}},"31":{"start":{"line":32,"column":0},"end":{"line":32,"column":6}},"32":{"start":{"line":33,"column":0},"end":{"line":33,"column":5}},"33":{"start":{"line":34,"column":0},"end":{"line":34,"column":1}}},"s":{"0":1,"1":1,"2":1,"3":1,"4":2,"5":2,"6":39,"7":39,"8":1,"9":39,"10":0,"11":0,"12":0,"13":38,"14":38,"15":38,"16":2,"17":2,"18":2,"19":2,"20":13,"21":13,"22":13,"23":13,"24":13,"25":2,"26":2,"27":1,"28":1,"29":1,"30":1,"31":1,"32":1,"33":9},"branchMap":{"0":{"type":"branch","line":5,"loc":{"start":{"line":5,"column":0},"end":{"line":19,"column":9}},"locations":[{"start":{"line":5,"column":0},"end":{"line":19,"column":9}}]},"1":{"type":"branch","line":6,"loc":{"start":{"line":6,"column":9},"end":{"line":16,"column":3}},"locations":[{"start":{"line":6,"column":9},"end":{"line":16,"column":3}}]},"2":{"type":"branch","line":8,"loc":{"start":{"line":8,"column":43},"end":{"line":10,"column":15}},"locations":[{"start":{"line":8,"column":43},"end":{"line":10,"column":15}}]},"3":{"type":"branch","line":10,"loc":{"start":{"line":10,"column":4},"end":{"line":16,"column":3}},"locations":[{"start":{"line":10,"column":4},"end":{"line":16,"column":3}}]},"4":{"type":"branch","line":10,"loc":{"start":{"line":10,"column":42},"end":{"line":14,"column":10}},"locations":[{"start":{"line":10,"column":42},"end":{"line":14,"column":10}}]},"5":{"type":"branch","line":19,"loc":{"start":{"line":19,"column":0},"end":{"line":28,"column":6}},"locations":[{"start":{"line":19,"column":0},"end":{"line":28,"column":6}}]},"6":{"type":"branch","line":20,"loc":{"start":{"line":20,"column":9},"end":{"line":25,"column":3}},"locations":[{"start":{"line":20,"column":9},"end":{"line":25,"column":3}}]},"7":{"type":"branch","line":34,"loc":{"start":{"line":34,"column":0},"end":{"line":34,"column":1}},"locations":[{"start":{"line":34,"column":0},"end":{"line":34,"column":1}}]}},"b":{"0":[2],"1":[39],"2":[1],"3":[38],"4":[0],"5":[2],"6":[13],"7":[9]},"fnMap":{"0":{"name":"createGetter","decl":{"start":{"line":5,"column":0},"end":{"line":19,"column":9}},"loc":{"start":{"line":5,"column":0},"end":{"line":19,"column":9}},"line":5},"1":{"name":"get2","decl":{"start":{"line":6,"column":9},"end":{"line":16,"column":3}},"loc":{"start":{"line":6,"column":9},"end":{"line":16,"column":3}},"line":6},"2":{"name":"createSetter","decl":{"start":{"line":19,"column":0},"end":{"line":28,"column":6}},"loc":{"start":{"line":19,"column":0},"end":{"line":28,"column":6}},"line":19},"3":{"name":"set2","decl":{"start":{"line":20,"column":9},"end":{"line":25,"column":3}},"loc":{"start":{"line":20,"column":9},"end":{"line":25,"column":3}},"line":20},"4":{"name":"get","decl":{"start":{"line":34,"column":0},"end":{"line":34,"column":1}},"loc":{"start":{"line":34,"column":0},"end":{"line":34,"column":1}},"line":34}},"f":{"0":2,"1":39,"2":2,"3":13,"4":9}}
,"F:\\forTest\\monorope2\\packages\\reactivity\\src\\computed.ts": {"path":"F:\\forTest\\monorope2\\packages\\reactivity\\src\\computed.ts","all":false,"statementMap":{"0":{"start":{"line":1,"column":0},"end":{"line":1,"column":46}},"1":{"start":{"line":2,"column":0},"end":{"line":2,"column":27}},"2":{"start":{"line":3,"column":0},"end":{"line":3,"column":92}},"3":{"start":{"line":4,"column":0},"end":{"line":4,"column":49}},"4":{"start":{"line":5,"column":0},"end":{"line":5,"column":0}},"5":{"start":{"line":6,"column":0},"end":{"line":6,"column":0}},"6":{"start":{"line":7,"column":0},"end":{"line":7,"column":3}},"7":{"start":{"line":8,"column":0},"end":{"line":8,"column":29}},"8":{"start":{"line":9,"column":0},"end":{"line":9,"column":3}},"9":{"start":{"line":10,"column":0},"end":{"line":10,"column":34}},"10":{"start":{"line":11,"column":0},"end":{"line":11,"column":3}},"11":{"start":{"line":12,"column":0},"end":{"line":12,"column":3}},"12":{"start":{"line":13,"column":0},"end":{"line":13,"column":33}},"13":{"start":{"line":14,"column":0},"end":{"line":14,"column":27}},"14":{"start":{"line":15,"column":0},"end":{"line":15,"column":6}},"15":{"start":{"line":16,"column":0},"end":{"line":16,"column":17}},"16":{"start":{"line":17,"column":0},"end":{"line":17,"column":82}},"17":{"start":{"line":18,"column":0},"end":{"line":18,"column":6}},"18":{"start":{"line":19,"column":0},"end":{"line":19,"column":20}},"19":{"start":{"line":20,"column":0},"end":{"line":20,"column":21}},"20":{"start":{"line":21,"column":0},"end":{"line":21,"column":20}},"21":{"start":{"line":22,"column":0},"end":{"line":22,"column":12}},"22":{"start":{"line":23,"column":0},"end":{"line":23,"column":0}},"23":{"start":{"line":24,"column":0},"end":{"line":24,"column":53}},"24":{"start":{"line":25,"column":0},"end":{"line":25,"column":46}},"25":{"start":{"line":26,"column":0},"end":{"line":26,"column":0}},"26":{"start":{"line":27,"column":0},"end":{"line":27,"column":45}},"27":{"start":{"line":28,"column":0},"end":{"line":28,"column":24}},"28":{"start":{"line":29,"column":0},"end":{"line":29,"column":24}},"29":{"start":{"line":30,"column":0},"end":{"line":30,"column":1}},"30":{"start":{"line":31,"column":0},"end":{"line":31,"column":0}},"31":{"start":{"line":32,"column":0},"end":{"line":32,"column":33}},"32":{"start":{"line":33,"column":0},"end":{"line":33,"column":30}},"33":{"start":{"line":34,"column":0},"end":{"line":34,"column":20}},"34":{"start":{"line":35,"column":0},"end":{"line":35,"column":60}},"35":{"start":{"line":36,"column":0},"end":{"line":36,"column":34}},"36":{"start":{"line":37,"column":0},"end":{"line":37,"column":31}},"37":{"start":{"line":38,"column":0},"end":{"line":38,"column":62}},"38":{"start":{"line":39,"column":0},"end":{"line":39,"column":14}},"39":{"start":{"line":40,"column":0},"end":{"line":40,"column":30}},"40":{"start":{"line":41,"column":0},"end":{"line":41,"column":48}},"41":{"start":{"line":42,"column":0},"end":{"line":42,"column":25}},"42":{"start":{"line":43,"column":0},"end":{"line":43,"column":5}},"43":{"start":{"line":44,"column":0},"end":{"line":44,"column":50}},"44":{"start":{"line":45,"column":0},"end":{"line":45,"column":52}},"45":{"start":{"line":46,"column":0},"end":{"line":46,"column":44}},"46":{"start":{"line":47,"column":0},"end":{"line":47,"column":25}},"47":{"start":{"line":48,"column":0},"end":{"line":48,"column":26}},"48":{"start":{"line":49,"column":0},"end":{"line":49,"column":25}},"49":{"start":{"line":50,"column":0},"end":{"line":50,"column":32}},"50":{"start":{"line":51,"column":0},"end":{"line":51,"column":7}},"51":{"start":{"line":52,"column":0},"end":{"line":52,"column":6}},"52":{"start":{"line":53,"column":0},"end":{"line":53,"column":48}},"53":{"start":{"line":54,"column":0},"end":{"line":54,"column":3}},"54":{"start":{"line":55,"column":0},"end":{"line":55,"column":0}},"55":{"start":{"line":56,"column":0},"end":{"line":56,"column":36}},"56":{"start":{"line":57,"column":0},"end":{"line":57,"column":15}},"57":{"start":{"line":58,"column":0},"end":{"line":58,"column":40}},"58":{"start":{"line":59,"column":0},"end":{"line":59,"column":120}},"59":{"start":{"line":60,"column":0},"end":{"line":60,"column":5}},"60":{"start":{"line":61,"column":0},"end":{"line":61,"column":0}},"61":{"start":{"line":62,"column":0},"end":{"line":62,"column":22}},"62":{"start":{"line":63,"column":0},"end":{"line":63,"column":14}},"63":{"start":{"line":64,"column":0},"end":{"line":64,"column":25}},"64":{"start":{"line":65,"column":0},"end":{"line":65,"column":37}},"65":{"start":{"line":66,"column":0},"end":{"line":66,"column":5}},"66":{"start":{"line":67,"column":0},"end":{"line":67,"column":22}},"67":{"start":{"line":68,"column":0},"end":{"line":68,"column":3}},"68":{"start":{"line":69,"column":0},"end":{"line":69,"column":0}},"69":{"start":{"line":70,"column":0},"end":{"line":70,"column":26}},"70":{"start":{"line":71,"column":0},"end":{"line":71,"column":48}},"71":{"start":{"line":72,"column":0},"end":{"line":72,"column":3}},"72":{"start":{"line":73,"column":0},"end":{"line":73,"column":1}},"73":{"start":{"line":74,"column":0},"end":{"line":74,"column":0}},"74":{"start":{"line":75,"column":0},"end":{"line":75,"column":94}},"75":{"start":{"line":76,"column":0},"end":{"line":76,"column":29}},"76":{"start":{"line":77,"column":0},"end":{"line":77,"column":48}},"77":{"start":{"line":78,"column":0},"end":{"line":78,"column":0}},"78":{"start":{"line":79,"column":0},"end":{"line":79,"column":31}},"79":{"start":{"line":80,"column":0},"end":{"line":80,"column":31}},"80":{"start":{"line":81,"column":0},"end":{"line":81,"column":0}},"81":{"start":{"line":82,"column":0},"end":{"line":82,"column":19}},"82":{"start":{"line":83,"column":0},"end":{"line":83,"column":28}},"83":{"start":{"line":84,"column":0},"end":{"line":84,"column":29}},"84":{"start":{"line":85,"column":0},"end":{"line":85,"column":15}},"85":{"start":{"line":86,"column":0},"end":{"line":86,"column":74}},"86":{"start":{"line":87,"column":0},"end":{"line":87,"column":7}},"87":{"start":{"line":88,"column":0},"end":{"line":88,"column":12}},"88":{"start":{"line":89,"column":0},"end":{"line":89,"column":10}},"89":{"start":{"line":90,"column":0},"end":{"line":90,"column":32}},"90":{"start":{"line":91,"column":0},"end":{"line":91,"column":32}},"91":{"start":{"line":92,"column":0},"end":{"line":92,"column":3}},"92":{"start":{"line":93,"column":0},"end":{"line":93,"column":0}},"93":{"start":{"line":94,"column":0},"end":{"line":94,"column":44}},"94":{"start":{"line":95,"column":0},"end":{"line":95,"column":1}}},"s":{"0":1,"1":1,"2":1,"3":1,"4":1,"5":1,"6":1,"7":1,"8":1,"9":1,"10":1,"11":1,"12":1,"13":1,"14":1,"15":1,"16":1,"17":1,"18":1,"19":1,"20":1,"21":1,"22":1,"23":1,"24":1,"25":1,"26":1,"27":1,"28":1,"29":1,"30":1,"31":1,"32":1,"33":1,"34":1,"35":1,"36":1,"37":1,"38":1,"39":2,"40":2,"41":2,"42":2,"43":2,"44":2,"45":1,"46":1,"47":1,"48":1,"49":1,"50":1,"51":1,"52":2,"53":2,"54":1,"55":1,"56":1,"57":3,"58":2,"59":2,"60":2,"61":3,"62":2,"63":2,"64":2,"65":2,"66":3,"67":3,"68":1,"69":1,"70":0,"71":0,"72":0,"73":1,"74":1,"75":2,"76":2,"77":2,"78":2,"79":2,"80":2,"81":2,"82":2,"83":2,"84":0,"85":0,"86":0,"87":2,"88":2,"89":0,"90":0,"91":0,"92":0,"93":2,"94":2},"branchMap":{"0":{"type":"branch","line":39,"loc":{"start":{"line":39,"column":2},"end":{"line":54,"column":3}},"locations":[{"start":{"line":39,"column":2},"end":{"line":54,"column":3}}]},"1":{"type":"branch","line":45,"loc":{"start":{"line":45,"column":45},"end":{"line":52,"column":6}},"locations":[{"start":{"line":45,"column":45},"end":{"line":52,"column":6}}]},"2":{"type":"branch","line":57,"loc":{"start":{"line":57,"column":2},"end":{"line":68,"column":3}},"locations":[{"start":{"line":57,"column":2},"end":{"line":68,"column":3}}]},"3":{"type":"branch","line":58,"loc":{"start":{"line":58,"column":22},"end":{"line":62,"column":8}},"locations":[{"start":{"line":58,"column":22},"end":{"line":62,"column":8}}]},"4":{"type":"branch","line":59,"loc":{"start":{"line":59,"column":24},"end":{"line":59,"column":120}},"locations":[{"start":{"line":59,"column":24},"end":{"line":59,"column":120}}]},"5":{"type":"branch","line":62,"loc":{"start":{"line":62,"column":21},"end":{"line":67,"column":11}},"locations":[{"start":{"line":62,"column":21},"end":{"line":67,"column":11}}]},"6":{"type":"branch","line":75,"loc":{"start":{"line":75,"column":7},"end":{"line":95,"column":1}},"locations":[{"start":{"line":75,"column":7},"end":{"line":95,"column":1}}]},"7":{"type":"branch","line":84,"loc":{"start":{"line":84,"column":13},"end":{"line":87,"column":7}},"locations":[{"start":{"line":84,"column":13},"end":{"line":87,"column":7}}]},"8":{"type":"branch","line":89,"loc":{"start":{"line":89,"column":2},"end":{"line":94,"column":9}},"locations":[{"start":{"line":89,"column":2},"end":{"line":94,"column":9}}]},"9":{"type":"branch","line":95,"loc":{"start":{"line":95,"column":0},"end":{"line":95,"column":1}},"locations":[{"start":{"line":95,"column":0},"end":{"line":95,"column":1}}]}},"b":{"0":[2],"1":[1],"2":[3],"3":[2],"4":[1],"5":[2],"6":[2],"7":[0],"8":[0],"9":[2]},"fnMap":{"0":{"name":"ComputedRefImpl","decl":{"start":{"line":39,"column":2},"end":{"line":54,"column":3}},"loc":{"start":{"line":39,"column":2},"end":{"line":54,"column":3}},"line":39},"1":{"name":"get value","decl":{"start":{"line":57,"column":2},"end":{"line":68,"column":3}},"loc":{"start":{"line":57,"column":2},"end":{"line":68,"column":3}},"line":57},"2":{"name":"set value","decl":{"start":{"line":70,"column":2},"end":{"line":73,"column":1}},"loc":{"start":{"line":70,"column":2},"end":{"line":73,"column":1}},"line":70},"3":{"name":"get","decl":{"start":{"line":73,"column":0},"end":{"line":73,"column":1}},"loc":{"start":{"line":73,"column":0},"end":{"line":73,"column":1}},"line":73},"4":{"name":"computed","decl":{"start":{"line":75,"column":7},"end":{"line":95,"column":1}},"loc":{"start":{"line":75,"column":7},"end":{"line":95,"column":1}},"line":75},"5":{"name":"get","decl":{"start":{"line":95,"column":0},"end":{"line":95,"column":1}},"loc":{"start":{"line":95,"column":0},"end":{"line":95,"column":1}},"line":95}},"f":{"0":2,"1":3,"2":0,"3":0,"4":2,"5":2}}
,"F:\\forTest\\monorope2\\packages\\reactivity\\src\\effect.ts": {"path":"F:\\forTest\\monorope2\\packages\\reactivity\\src\\effect.ts","all":false,"statementMap":{"0":{"start":{"line":1,"column":0},"end":{"line":1,"column":43}},"1":{"start":{"line":2,"column":0},"end":{"line":2,"column":35}},"2":{"start":{"line":3,"column":0},"end":{"line":3,"column":27}},"3":{"start":{"line":4,"column":0},"end":{"line":4,"column":37}},"4":{"start":{"line":5,"column":0},"end":{"line":5,"column":3}},"5":{"start":{"line":6,"column":0},"end":{"line":6,"column":16}},"6":{"start":{"line":7,"column":0},"end":{"line":7,"column":16}},"7":{"start":{"line":8,"column":0},"end":{"line":8,"column":19}},"8":{"start":{"line":9,"column":0},"end":{"line":9,"column":17}},"9":{"start":{"line":10,"column":0},"end":{"line":10,"column":8}},"10":{"start":{"line":11,"column":0},"end":{"line":11,"column":17}},"11":{"start":{"line":12,"column":0},"end":{"line":12,"column":5}},"12":{"start":{"line":13,"column":0},"end":{"line":13,"column":3}},"13":{"start":{"line":14,"column":0},"end":{"line":14,"column":24}},"14":{"start":{"line":15,"column":0},"end":{"line":15,"column":17}},"15":{"start":{"line":16,"column":0},"end":{"line":16,"column":3}},"16":{"start":{"line":17,"column":0},"end":{"line":17,"column":16}},"17":{"start":{"line":18,"column":0},"end":{"line":18,"column":3}},"18":{"start":{"line":19,"column":0},"end":{"line":19,"column":38}},"19":{"start":{"line":20,"column":0},"end":{"line":20,"column":51}},"20":{"start":{"line":21,"column":0},"end":{"line":21,"column":0}},"21":{"start":{"line":22,"column":0},"end":{"line":22,"column":0}},"22":{"start":{"line":23,"column":0},"end":{"line":23,"column":48}},"23":{"start":{"line":24,"column":0},"end":{"line":24,"column":66}},"24":{"start":{"line":25,"column":0},"end":{"line":25,"column":46}},"25":{"start":{"line":26,"column":0},"end":{"line":26,"column":20}},"26":{"start":{"line":27,"column":0},"end":{"line":27,"column":43}},"27":{"start":{"line":28,"column":0},"end":{"line":28,"column":43}},"28":{"start":{"line":29,"column":0},"end":{"line":29,"column":28}},"29":{"start":{"line":30,"column":0},"end":{"line":30,"column":5}},"30":{"start":{"line":31,"column":0},"end":{"line":31,"column":19}},"31":{"start":{"line":32,"column":0},"end":{"line":32,"column":3}},"32":{"start":{"line":33,"column":0},"end":{"line":33,"column":1}},"33":{"start":{"line":34,"column":0},"end":{"line":34,"column":0}},"34":{"start":{"line":35,"column":0},"end":{"line":35,"column":38}},"35":{"start":{"line":36,"column":0},"end":{"line":36,"column":15}},"36":{"start":{"line":37,"column":0},"end":{"line":37,"column":63}},"37":{"start":{"line":38,"column":0},"end":{"line":38,"column":48}},"38":{"start":{"line":39,"column":0},"end":{"line":39,"column":0}},"39":{"start":{"line":40,"column":0},"end":{"line":40,"column":14}},"40":{"start":{"line":41,"column":0},"end":{"line":41,"column":23}},"41":{"start":{"line":42,"column":0},"end":{"line":42,"column":40}},"42":{"start":{"line":43,"column":0},"end":{"line":43,"column":15}},"43":{"start":{"line":44,"column":0},"end":{"line":44,"column":5}},"44":{"start":{"line":45,"column":0},"end":{"line":45,"column":3}},"45":{"start":{"line":46,"column":0},"end":{"line":46,"column":0}},"46":{"start":{"line":47,"column":0},"end":{"line":47,"column":9}},"47":{"start":{"line":48,"column":0},"end":{"line":48,"column":15}},"48":{"start":{"line":49,"column":0},"end":{"line":49,"column":23}},"49":{"start":{"line":50,"column":0},"end":{"line":50,"column":22}},"50":{"start":{"line":51,"column":0},"end":{"line":51,"column":5}},"51":{"start":{"line":52,"column":0},"end":{"line":52,"column":0}},"52":{"start":{"line":53,"column":0},"end":{"line":53,"column":7}},"53":{"start":{"line":54,"column":0},"end":{"line":54,"column":15}},"54":{"start":{"line":55,"column":0},"end":{"line":55,"column":19}},"55":{"start":{"line":56,"column":0},"end":{"line":56,"column":36}},"56":{"start":{"line":57,"column":0},"end":{"line":57,"column":9}},"57":{"start":{"line":58,"column":0},"end":{"line":58,"column":7}},"58":{"start":{"line":59,"column":0},"end":{"line":59,"column":0}},"59":{"start":{"line":60,"column":0},"end":{"line":60,"column":59}},"60":{"start":{"line":61,"column":0},"end":{"line":61,"column":11}},"61":{"start":{"line":62,"column":0},"end":{"line":62,"column":30}},"62":{"start":{"line":63,"column":0},"end":{"line":63,"column":47}},"63":{"start":{"line":64,"column":0},"end":{"line":64,"column":28}},"64":{"start":{"line":65,"column":0},"end":{"line":65,"column":38}},"65":{"start":{"line":66,"column":0},"end":{"line":66,"column":54}},"66":{"start":{"line":67,"column":0},"end":{"line":67,"column":17}},"67":{"start":{"line":68,"column":0},"end":{"line":68,"column":57}},"68":{"start":{"line":69,"column":0},"end":{"line":69,"column":58}},"69":{"start":{"line":70,"column":0},"end":{"line":70,"column":7}},"70":{"start":{"line":71,"column":0},"end":{"line":71,"column":5}},"71":{"start":{"line":72,"column":0},"end":{"line":72,"column":3}},"72":{"start":{"line":73,"column":0},"end":{"line":73,"column":0}},"73":{"start":{"line":74,"column":0},"end":{"line":74,"column":24}},"74":{"start":{"line":75,"column":0},"end":{"line":75,"column":10}},"75":{"start":{"line":76,"column":0},"end":{"line":76,"column":53}},"76":{"start":{"line":77,"column":0},"end":{"line":77,"column":5}},"77":{"start":{"line":78,"column":0},"end":{"line":78,"column":25}},"78":{"start":{"line":79,"column":0},"end":{"line":79,"column":44}},"79":{"start":{"line":80,"column":0},"end":{"line":80,"column":5}},"80":{"start":{"line":81,"column":0},"end":{"line":81,"column":3}},"81":{"start":{"line":82,"column":0},"end":{"line":82,"column":1}},"82":{"start":{"line":83,"column":0},"end":{"line":83,"column":0}},"83":{"start":{"line":84,"column":0},"end":{"line":84,"column":39}},"84":{"start":{"line":85,"column":0},"end":{"line":85,"column":0}},"85":{"start":{"line":86,"column":0},"end":{"line":86,"column":30}},"86":{"start":{"line":87,"column":0},"end":{"line":87,"column":35}},"87":{"start":{"line":88,"column":0},"end":{"line":88,"column":1}},"88":{"start":{"line":89,"column":0},"end":{"line":89,"column":0}},"89":{"start":{"line":90,"column":0},"end":{"line":90,"column":35}},"90":{"start":{"line":91,"column":0},"end":{"line":91,"column":53}},"91":{"start":{"line":92,"column":0},"end":{"line":92,"column":59}},"92":{"start":{"line":93,"column":0},"end":{"line":93,"column":47}},"93":{"start":{"line":94,"column":0},"end":{"line":94,"column":10}},"94":{"start":{"line":95,"column":0},"end":{"line":95,"column":3}},"95":{"start":{"line":96,"column":0},"end":{"line":96,"column":61}},"96":{"start":{"line":97,"column":0},"end":{"line":97,"column":54}},"97":{"start":{"line":98,"column":0},"end":{"line":98,"column":37}},"98":{"start":{"line":99,"column":0},"end":{"line":99,"column":0}},"99":{"start":{"line":100,"column":0},"end":{"line":100,"column":29}},"100":{"start":{"line":101,"column":0},"end":{"line":101,"column":17}},"101":{"start":{"line":102,"column":0},"end":{"line":102,"column":23}},"102":{"start":{"line":103,"column":0},"end":{"line":103,"column":34}},"103":{"start":{"line":104,"column":0},"end":{"line":104,"column":3}},"104":{"start":{"line":105,"column":0},"end":{"line":105,"column":0}},"105":{"start":{"line":106,"column":0},"end":{"line":106,"column":74}},"106":{"start":{"line":107,"column":0},"end":{"line":107,"column":28}},"107":{"start":{"line":108,"column":0},"end":{"line":108,"column":0}},"108":{"start":{"line":109,"column":0},"end":{"line":109,"column":13}},"109":{"start":{"line":110,"column":0},"end":{"line":110,"column":22}},"110":{"start":{"line":111,"column":0},"end":{"line":111,"column":19}},"111":{"start":{"line":112,"column":0},"end":{"line":112,"column":25}},"112":{"start":{"line":113,"column":0},"end":{"line":113,"column":3}},"113":{"start":{"line":114,"column":0},"end":{"line":114,"column":0}},"114":{"start":{"line":115,"column":0},"end":{"line":115,"column":56}},"115":{"start":{"line":116,"column":0},"end":{"line":116,"column":19}},"116":{"start":{"line":117,"column":0},"end":{"line":117,"column":1}},"117":{"start":{"line":118,"column":0},"end":{"line":118,"column":0}},"118":{"start":{"line":119,"column":0},"end":{"line":119,"column":40}},"119":{"start":{"line":120,"column":0},"end":{"line":120,"column":56}},"120":{"start":{"line":121,"column":0},"end":{"line":121,"column":42}},"121":{"start":{"line":122,"column":0},"end":{"line":122,"column":20}},"122":{"start":{"line":123,"column":0},"end":{"line":123,"column":25}},"123":{"start":{"line":124,"column":0},"end":{"line":124,"column":62}},"124":{"start":{"line":125,"column":0},"end":{"line":125,"column":3}},"125":{"start":{"line":126,"column":0},"end":{"line":126,"column":1}},"126":{"start":{"line":127,"column":0},"end":{"line":127,"column":0}},"127":{"start":{"line":128,"column":0},"end":{"line":128,"column":72}},"128":{"start":{"line":129,"column":0},"end":{"line":129,"column":29}},"129":{"start":{"line":130,"column":0},"end":{"line":130,"column":39}},"130":{"start":{"line":131,"column":0},"end":{"line":131,"column":0}},"131":{"start":{"line":132,"column":0},"end":{"line":132,"column":33}},"132":{"start":{"line":133,"column":0},"end":{"line":133,"column":15}},"133":{"start":{"line":134,"column":0},"end":{"line":134,"column":11}},"134":{"start":{"line":135,"column":0},"end":{"line":135,"column":0}},"135":{"start":{"line":136,"column":0},"end":{"line":136,"column":49}},"136":{"start":{"line":137,"column":0},"end":{"line":137,"column":23}},"137":{"start":{"line":138,"column":0},"end":{"line":138,"column":31}},"138":{"start":{"line":139,"column":0},"end":{"line":139,"column":3}},"139":{"start":{"line":140,"column":0},"end":{"line":140,"column":0}},"140":{"start":{"line":141,"column":0},"end":{"line":141,"column":38}},"141":{"start":{"line":142,"column":0},"end":{"line":142,"column":41}},"142":{"start":{"line":143,"column":0},"end":{"line":143,"column":24}},"143":{"start":{"line":144,"column":0},"end":{"line":144,"column":3}},"144":{"start":{"line":145,"column":0},"end":{"line":145,"column":0}},"145":{"start":{"line":146,"column":0},"end":{"line":146,"column":25}},"146":{"start":{"line":147,"column":0},"end":{"line":147,"column":1}},"147":{"start":{"line":148,"column":0},"end":{"line":148,"column":0}},"148":{"start":{"line":149,"column":0},"end":{"line":149,"column":61}},"149":{"start":{"line":150,"column":0},"end":{"line":150,"column":85}},"150":{"start":{"line":151,"column":0},"end":{"line":151,"column":47}},"151":{"start":{"line":152,"column":0},"end":{"line":152,"column":33}},"152":{"start":{"line":153,"column":0},"end":{"line":153,"column":30}},"153":{"start":{"line":154,"column":0},"end":{"line":154,"column":34}},"154":{"start":{"line":155,"column":0},"end":{"line":155,"column":29}},"155":{"start":{"line":156,"column":0},"end":{"line":156,"column":33}},"156":{"start":{"line":157,"column":0},"end":{"line":157,"column":7}},"157":{"start":{"line":158,"column":0},"end":{"line":158,"column":18}},"158":{"start":{"line":159,"column":0},"end":{"line":159,"column":5}},"159":{"start":{"line":160,"column":0},"end":{"line":160,"column":3}},"160":{"start":{"line":161,"column":0},"end":{"line":161,"column":1}},"161":{"start":{"line":162,"column":0},"end":{"line":162,"column":0}},"162":{"start":{"line":163,"column":0},"end":{"line":163,"column":56}},"163":{"start":{"line":164,"column":0},"end":{"line":164,"column":0}},"164":{"start":{"line":165,"column":0},"end":{"line":165,"column":55}},"165":{"start":{"line":166,"column":0},"end":{"line":166,"column":0}},"166":{"start":{"line":167,"column":0},"end":{"line":167,"column":28}},"167":{"start":{"line":168,"column":0},"end":{"line":168,"column":0}},"168":{"start":{"line":169,"column":0},"end":{"line":169,"column":42}},"169":{"start":{"line":170,"column":0},"end":{"line":170,"column":59}},"170":{"start":{"line":171,"column":0},"end":{"line":171,"column":26}},"171":{"start":{"line":172,"column":0},"end":{"line":172,"column":15}},"172":{"start":{"line":173,"column":0},"end":{"line":173,"column":1}},"173":{"start":{"line":174,"column":0},"end":{"line":174,"column":0}},"174":{"start":{"line":175,"column":0},"end":{"line":175,"column":0}},"175":{"start":{"line":176,"column":0},"end":{"line":176,"column":0}},"176":{"start":{"line":177,"column":0},"end":{"line":177,"column":48}},"177":{"start":{"line":178,"column":0},"end":{"line":178,"column":7}},"178":{"start":{"line":179,"column":0},"end":{"line":179,"column":24}},"179":{"start":{"line":180,"column":0},"end":{"line":180,"column":1}}},"s":{"0":1,"1":1,"2":1,"3":1,"4":1,"5":1,"6":1,"7":1,"8":1,"9":1,"10":1,"11":1,"12":1,"13":1,"14":1,"15":1,"16":1,"17":1,"18":1,"19":1,"20":1,"21":1,"22":23,"23":23,"24":23,"25":23,"26":11,"27":20,"28":20,"29":20,"30":11,"31":11,"32":11,"33":23,"34":1,"35":1,"36":1,"37":1,"38":1,"39":1,"40":13,"41":13,"42":13,"43":13,"44":13,"45":1,"46":1,"47":23,"48":23,"49":0,"50":0,"51":0,"52":0,"53":0,"54":0,"55":0,"56":0,"57":0,"58":0,"59":23,"60":23,"61":23,"62":23,"63":23,"64":23,"65":23,"66":23,"67":23,"68":23,"69":23,"70":23,"71":23,"72":1,"73":1,"74":1,"75":0,"76":0,"77":0,"78":0,"79":0,"80":0,"81":2,"82":1,"83":1,"84":1,"85":1,"86":41,"87":3,"88":1,"89":1,"90":1,"91":38,"92":38,"93":9,"94":9,"95":9,"96":9,"97":38,"98":29,"99":29,"100":29,"101":6,"102":6,"103":6,"104":6,"105":6,"106":38,"107":29,"108":29,"109":9,"110":9,"111":9,"112":9,"113":9,"114":9,"115":38,"116":38,"117":1,"118":1,"119":31,"120":31,"121":31,"122":31,"123":31,"124":31,"125":2,"126":1,"127":1,"128":13,"129":13,"130":13,"131":13,"132":13,"133":13,"134":0,"135":13,"136":13,"137":13,"138":13,"139":13,"140":13,"141":13,"142":13,"143":13,"144":13,"145":13,"146":13,"147":1,"148":1,"149":14,"150":14,"151":14,"152":15,"153":15,"154":11,"155":1,"156":1,"157":10,"158":10,"159":15,"160":1,"161":1,"162":1,"163":11,"164":11,"165":11,"166":11,"167":11,"168":11,"169":11,"170":11,"171":11,"172":11,"173":1,"174":1,"175":1,"176":1,"177":1,"178":1,"179":1},"branchMap":{"0":{"type":"branch","line":23,"loc":{"start":{"line":23,"column":0},"end":{"line":35,"column":13}},"locations":[{"start":{"line":23,"column":0},"end":{"line":35,"column":13}}]},"1":{"type":"branch","line":26,"loc":{"start":{"line":26,"column":19},"end":{"line":33,"column":1}},"locations":[{"start":{"line":26,"column":19},"end":{"line":33,"column":1}}]},"2":{"type":"branch","line":27,"loc":{"start":{"line":27,"column":42},"end":{"line":31,"column":9}},"locations":[{"start":{"line":27,"column":42},"end":{"line":31,"column":9}}]},"3":{"type":"branch","line":40,"loc":{"start":{"line":40,"column":2},"end":{"line":45,"column":3}},"locations":[{"start":{"line":40,"column":2},"end":{"line":45,"column":3}}]},"4":{"type":"branch","line":47,"loc":{"start":{"line":47,"column":2},"end":{"line":72,"column":3}},"locations":[{"start":{"line":47,"column":2},"end":{"line":72,"column":3}}]},"5":{"type":"branch","line":49,"loc":{"start":{"line":49,"column":22},"end":{"line":60,"column":8}},"locations":[{"start":{"line":49,"column":22},"end":{"line":60,"column":8}}]},"6":{"type":"branch","line":82,"loc":{"start":{"line":82,"column":0},"end":{"line":82,"column":1}},"locations":[{"start":{"line":82,"column":0},"end":{"line":82,"column":1}}]},"7":{"type":"branch","line":86,"loc":{"start":{"line":86,"column":7},"end":{"line":88,"column":1}},"locations":[{"start":{"line":86,"column":7},"end":{"line":88,"column":1}}]},"8":{"type":"branch","line":88,"loc":{"start":{"line":88,"column":0},"end":{"line":88,"column":1}},"locations":[{"start":{"line":88,"column":0},"end":{"line":88,"column":1}}]},"9":{"type":"branch","line":91,"loc":{"start":{"line":91,"column":7},"end":{"line":117,"column":1}},"locations":[{"start":{"line":91,"column":7},"end":{"line":117,"column":1}}]},"10":{"type":"branch","line":93,"loc":{"start":{"line":93,"column":21},"end":{"line":98,"column":6}},"locations":[{"start":{"line":93,"column":21},"end":{"line":98,"column":6}}]},"11":{"type":"branch","line":98,"loc":{"start":{"line":98,"column":2},"end":{"line":101,"column":17}},"locations":[{"start":{"line":98,"column":2},"end":{"line":101,"column":17}}]},"12":{"type":"branch","line":101,"loc":{"start":{"line":101,"column":16},"end":{"line":107,"column":6}},"locations":[{"start":{"line":101,"column":16},"end":{"line":107,"column":6}}]},"13":{"type":"branch","line":107,"loc":{"start":{"line":107,"column":2},"end":{"line":109,"column":13}},"locations":[{"start":{"line":107,"column":2},"end":{"line":109,"column":13}}]},"14":{"type":"branch","line":109,"loc":{"start":{"line":109,"column":12},"end":{"line":116,"column":15}},"locations":[{"start":{"line":109,"column":12},"end":{"line":116,"column":15}}]},"15":{"type":"branch","line":116,"loc":{"start":{"line":116,"column":2},"end":{"line":117,"column":1}},"locations":[{"start":{"line":116,"column":2},"end":{"line":117,"column":1}}]},"16":{"type":"branch","line":117,"loc":{"start":{"line":117,"column":0},"end":{"line":117,"column":1}},"locations":[{"start":{"line":117,"column":0},"end":{"line":117,"column":1}}]},"17":{"type":"branch","line":119,"loc":{"start":{"line":119,"column":7},"end":{"line":126,"column":1}},"locations":[{"start":{"line":119,"column":7},"end":{"line":126,"column":1}}]},"18":{"type":"branch","line":126,"loc":{"start":{"line":126,"column":0},"end":{"line":126,"column":1}},"locations":[{"start":{"line":126,"column":0},"end":{"line":126,"column":1}}]},"19":{"type":"branch","line":128,"loc":{"start":{"line":128,"column":7},"end":{"line":147,"column":1}},"locations":[{"start":{"line":128,"column":7},"end":{"line":147,"column":1}}]},"20":{"type":"branch","line":134,"loc":{"start":{"line":134,"column":4},"end":{"line":136,"column":6}},"locations":[{"start":{"line":134,"column":4},"end":{"line":136,"column":6}}]},"21":{"type":"branch","line":147,"loc":{"start":{"line":147,"column":0},"end":{"line":147,"column":1}},"locations":[{"start":{"line":147,"column":0},"end":{"line":147,"column":1}}]},"22":{"type":"branch","line":149,"loc":{"start":{"line":149,"column":7},"end":{"line":161,"column":1}},"locations":[{"start":{"line":149,"column":7},"end":{"line":161,"column":1}}]},"23":{"type":"branch","line":151,"loc":{"start":{"line":151,"column":29},"end":{"line":151,"column":39}},"locations":[{"start":{"line":151,"column":29},"end":{"line":151,"column":39}}]},"24":{"type":"branch","line":151,"loc":{"start":{"line":151,"column":33},"end":{"line":151,"column":47}},"locations":[{"start":{"line":151,"column":33},"end":{"line":151,"column":47}}]},"25":{"type":"branch","line":152,"loc":{"start":{"line":152,"column":32},"end":{"line":161,"column":1}},"locations":[{"start":{"line":152,"column":32},"end":{"line":161,"column":1}}]},"26":{"type":"branch","line":154,"loc":{"start":{"line":154,"column":33},"end":{"line":159,"column":5}},"locations":[{"start":{"line":154,"column":33},"end":{"line":159,"column":5}}]},"27":{"type":"branch","line":155,"loc":{"start":{"line":155,"column":28},"end":{"line":159,"column":5}},"locations":[{"start":{"line":155,"column":28},"end":{"line":159,"column":5}}]},"28":{"type":"branch","line":155,"loc":{"start":{"line":155,"column":28},"end":{"line":158,"column":13}},"locations":[{"start":{"line":155,"column":28},"end":{"line":158,"column":13}}]},"29":{"type":"branch","line":161,"loc":{"start":{"line":161,"column":0},"end":{"line":161,"column":1}},"locations":[{"start":{"line":161,"column":0},"end":{"line":161,"column":1}}]},"30":{"type":"branch","line":161,"loc":{"start":{"line":161,"column":0},"end":{"line":161,"column":1}},"locations":[{"start":{"line":161,"column":0},"end":{"line":161,"column":1}}]},"31":{"type":"branch","line":163,"loc":{"start":{"line":163,"column":7},"end":{"line":173,"column":1}},"locations":[{"start":{"line":163,"column":7},"end":{"line":173,"column":1}}]},"32":{"type":"branch","line":173,"loc":{"start":{"line":173,"column":0},"end":{"line":173,"column":1}},"locations":[{"start":{"line":173,"column":0},"end":{"line":173,"column":1}}]}},"b":{"0":[23],"1":[11],"2":[20],"3":[13],"4":[23],"5":[0],"6":[2],"7":[41],"8":[3],"9":[38],"10":[9],"11":[29],"12":[6],"13":[29],"14":[9],"15":[29],"16":[38],"17":[31],"18":[2],"19":[13],"20":[0],"21":[13],"22":[14],"23":[13],"24":[1],"25":[15],"26":[11],"27":[10],"28":[1],"29":[13],"30":[1],"31":[11],"32":[11]},"fnMap":{"0":{"name":"get","decl":{"start":{"line":20,"column":11},"end":{"line":20,"column":51}},"loc":{"start":{"line":20,"column":11},"end":{"line":20,"column":51}},"line":20},"1":{"name":"cleanupEffect","decl":{"start":{"line":23,"column":0},"end":{"line":35,"column":13}},"loc":{"start":{"line":23,"column":0},"end":{"line":35,"column":13}},"line":23},"2":{"name":"ReactiveEffect","decl":{"start":{"line":40,"column":2},"end":{"line":45,"column":3}},"loc":{"start":{"line":40,"column":2},"end":{"line":45,"column":3}},"line":40},"3":{"name":"run","decl":{"start":{"line":47,"column":2},"end":{"line":72,"column":3}},"loc":{"start":{"line":47,"column":2},"end":{"line":72,"column":3}},"line":47},"4":{"name":"stop","decl":{"start":{"line":75,"column":2},"end":{"line":82,"column":1}},"loc":{"start":{"line":75,"column":2},"end":{"line":82,"column":1}},"line":75},"5":{"name":"get","decl":{"start":{"line":82,"column":0},"end":{"line":82,"column":1}},"loc":{"start":{"line":82,"column":0},"end":{"line":82,"column":1}},"line":82},"6":{"name":"get","decl":{"start":{"line":84,"column":37},"end":{"line":84,"column":39}},"loc":{"start":{"line":84,"column":37},"end":{"line":84,"column":39}},"line":84},"7":{"name":"isTracking","decl":{"start":{"line":86,"column":7},"end":{"line":88,"column":1}},"loc":{"start":{"line":86,"column":7},"end":{"line":88,"column":1}},"line":86},"8":{"name":"get","decl":{"start":{"line":88,"column":0},"end":{"line":88,"column":1}},"loc":{"start":{"line":88,"column":0},"end":{"line":88,"column":1}},"line":88},"9":{"name":"track","decl":{"start":{"line":91,"column":7},"end":{"line":117,"column":1}},"loc":{"start":{"line":91,"column":7},"end":{"line":117,"column":1}},"line":91},"10":{"name":"get","decl":{"start":{"line":117,"column":0},"end":{"line":117,"column":1}},"loc":{"start":{"line":117,"column":0},"end":{"line":117,"column":1}},"line":117},"11":{"name":"trackEffects","decl":{"start":{"line":119,"column":7},"end":{"line":126,"column":1}},"loc":{"start":{"line":119,"column":7},"end":{"line":126,"column":1}},"line":119},"12":{"name":"get","decl":{"start":{"line":126,"column":0},"end":{"line":126,"column":1}},"loc":{"start":{"line":126,"column":0},"end":{"line":126,"column":1}},"line":126},"13":{"name":"trigger","decl":{"start":{"line":128,"column":7},"end":{"line":147,"column":1}},"loc":{"start":{"line":128,"column":7},"end":{"line":147,"column":1}},"line":128},"14":{"name":"get","decl":{"start":{"line":147,"column":0},"end":{"line":147,"column":1}},"loc":{"start":{"line":147,"column":0},"end":{"line":147,"column":1}},"line":147},"15":{"name":"triggerEffects","decl":{"start":{"line":149,"column":7},"end":{"line":161,"column":1}},"loc":{"start":{"line":149,"column":7},"end":{"line":161,"column":1}},"line":149},"16":{"name":"get","decl":{"start":{"line":161,"column":0},"end":{"line":161,"column":1}},"loc":{"start":{"line":161,"column":0},"end":{"line":161,"column":1}},"line":161},"17":{"name":"effect","decl":{"start":{"line":163,"column":7},"end":{"line":173,"column":1}},"loc":{"start":{"line":163,"column":7},"end":{"line":173,"column":1}},"line":163},"18":{"name":"get","decl":{"start":{"line":173,"column":0},"end":{"line":173,"column":1}},"loc":{"start":{"line":173,"column":0},"end":{"line":173,"column":1}},"line":173}},"f":{"0":0,"1":23,"2":13,"3":23,"4":0,"5":2,"6":0,"7":41,"8":3,"9":38,"10":38,"11":31,"12":2,"13":13,"14":13,"15":14,"16":1,"17":11,"18":11}}
,"F:\\forTest\\monorope2\\packages\\reactivity\\src\\reactive.ts": {"path":"F:\\forTest\\monorope2\\packages\\reactivity\\src\\reactive.ts","all":false,"statementMap":{"0":{"start":{"line":1,"column":0},"end":{"line":1,"column":38}},"1":{"start":{"line":2,"column":0},"end":{"line":2,"column":0}},"2":{"start":{"line":3,"column":0},"end":{"line":3,"column":48}},"3":{"start":{"line":4,"column":0},"end":{"line":4,"column":0}},"4":{"start":{"line":5,"column":0},"end":{"line":5,"column":0}},"5":{"start":{"line":6,"column":0},"end":{"line":6,"column":63}},"6":{"start":{"line":7,"column":0},"end":{"line":7,"column":0}},"7":{"start":{"line":8,"column":0},"end":{"line":8,"column":7}},"8":{"start":{"line":9,"column":0},"end":{"line":9,"column":54}},"9":{"start":{"line":10,"column":0},"end":{"line":10,"column":0}},"10":{"start":{"line":11,"column":0},"end":{"line":11,"column":17}},"11":{"start":{"line":12,"column":0},"end":{"line":12,"column":26}},"12":{"start":{"line":13,"column":0},"end":{"line":13,"column":95}},"13":{"start":{"line":14,"column":0},"end":{"line":14,"column":20}},"14":{"start":{"line":15,"column":0},"end":{"line":15,"column":70}},"15":{"start":{"line":16,"column":0},"end":{"line":16,"column":5}},"16":{"start":{"line":17,"column":0},"end":{"line":17,"column":17}},"17":{"start":{"line":18,"column":0},"end":{"line":18,"column":3}},"18":{"start":{"line":19,"column":0},"end":{"line":19,"column":0}},"19":{"start":{"line":20,"column":0},"end":{"line":20,"column":111}},"20":{"start":{"line":21,"column":0},"end":{"line":21,"column":42}},"21":{"start":{"line":22,"column":0},"end":{"line":22,"column":17}},"22":{"start":{"line":23,"column":0},"end":{"line":23,"column":3}},"23":{"start":{"line":24,"column":0},"end":{"line":24,"column":0}},"24":{"start":{"line":25,"column":0},"end":{"line":25,"column":80}},"25":{"start":{"line":26,"column":0},"end":{"line":26,"column":47}},"26":{"start":{"line":27,"column":0},"end":{"line":27,"column":20}},"27":{"start":{"line":28,"column":0},"end":{"line":28,"column":24}},"28":{"start":{"line":29,"column":0},"end":{"line":29,"column":0}},"29":{"start":{"line":30,"column":0},"end":{"line":30,"column":58}},"30":{"start":{"line":31,"column":0},"end":{"line":31,"column":0}},"31":{"start":{"line":32,"column":0},"end":{"line":32,"column":38}},"32":{"start":{"line":33,"column":0},"end":{"line":33,"column":22}},"33":{"start":{"line":34,"column":0},"end":{"line":34,"column":1}},"34":{"start":{"line":35,"column":0},"end":{"line":35,"column":0}},"35":{"start":{"line":36,"column":0},"end":{"line":36,"column":42}},"36":{"start":{"line":37,"column":0},"end":{"line":37,"column":37}},"37":{"start":{"line":38,"column":0},"end":{"line":38,"column":1}},"38":{"start":{"line":39,"column":0},"end":{"line":39,"column":0}},"39":{"start":{"line":40,"column":0},"end":{"line":40,"column":42}},"40":{"start":{"line":41,"column":0},"end":{"line":41,"column":0}},"41":{"start":{"line":42,"column":0},"end":{"line":42,"column":1}},"42":{"start":{"line":43,"column":0},"end":{"line":43,"column":0}},"43":{"start":{"line":44,"column":0},"end":{"line":44,"column":49}},"44":{"start":{"line":45,"column":0},"end":{"line":45,"column":0}},"45":{"start":{"line":46,"column":0},"end":{"line":46,"column":1}},"46":{"start":{"line":47,"column":0},"end":{"line":47,"column":0}},"47":{"start":{"line":48,"column":0},"end":{"line":48,"column":49}},"48":{"start":{"line":49,"column":0},"end":{"line":49,"column":0}},"49":{"start":{"line":50,"column":0},"end":{"line":50,"column":1}},"50":{"start":{"line":51,"column":0},"end":{"line":51,"column":0}},"51":{"start":{"line":52,"column":0},"end":{"line":52,"column":0}},"52":{"start":{"line":53,"column":0},"end":{"line":53,"column":0}},"53":{"start":{"line":54,"column":0},"end":{"line":54,"column":0}},"54":{"start":{"line":55,"column":0},"end":{"line":55,"column":0}},"55":{"start":{"line":56,"column":0},"end":{"line":56,"column":0}},"56":{"start":{"line":57,"column":0},"end":{"line":57,"column":0}},"57":{"start":{"line":58,"column":0},"end":{"line":58,"column":0}},"58":{"start":{"line":59,"column":0},"end":{"line":59,"column":0}},"59":{"start":{"line":60,"column":0},"end":{"line":60,"column":0}},"60":{"start":{"line":61,"column":0},"end":{"line":61,"column":0}},"61":{"start":{"line":62,"column":0},"end":{"line":62,"column":0}},"62":{"start":{"line":63,"column":0},"end":{"line":63,"column":0}},"63":{"start":{"line":64,"column":0},"end":{"line":64,"column":0}},"64":{"start":{"line":65,"column":0},"end":{"line":65,"column":0}},"65":{"start":{"line":66,"column":0},"end":{"line":66,"column":0}},"66":{"start":{"line":67,"column":0},"end":{"line":67,"column":0}},"67":{"start":{"line":68,"column":0},"end":{"line":68,"column":0}},"68":{"start":{"line":69,"column":0},"end":{"line":69,"column":0}},"69":{"start":{"line":70,"column":0},"end":{"line":70,"column":0}},"70":{"start":{"line":71,"column":0},"end":{"line":71,"column":0}},"71":{"start":{"line":72,"column":0},"end":{"line":72,"column":0}},"72":{"start":{"line":73,"column":0},"end":{"line":73,"column":0}},"73":{"start":{"line":74,"column":0},"end":{"line":74,"column":0}},"74":{"start":{"line":75,"column":0},"end":{"line":75,"column":0}},"75":{"start":{"line":76,"column":0},"end":{"line":76,"column":0}},"76":{"start":{"line":77,"column":0},"end":{"line":77,"column":25}},"77":{"start":{"line":78,"column":0},"end":{"line":78,"column":32}},"78":{"start":{"line":79,"column":0},"end":{"line":79,"column":39}},"79":{"start":{"line":80,"column":0},"end":{"line":80,"column":39}},"80":{"start":{"line":81,"column":0},"end":{"line":81,"column":38}},"81":{"start":{"line":82,"column":0},"end":{"line":82,"column":27}},"82":{"start":{"line":83,"column":0},"end":{"line":83,"column":1}},"83":{"start":{"line":84,"column":0},"end":{"line":84,"column":0}},"84":{"start":{"line":85,"column":0},"end":{"line":85,"column":33}},"85":{"start":{"line":86,"column":0},"end":{"line":86,"column":20}},"86":{"start":{"line":87,"column":0},"end":{"line":87,"column":50}},"87":{"start":{"line":88,"column":0},"end":{"line":88,"column":33}},"88":{"start":{"line":89,"column":0},"end":{"line":89,"column":31}},"89":{"start":{"line":90,"column":0},"end":{"line":90,"column":17}},"90":{"start":{"line":91,"column":0},"end":{"line":91,"column":1}},"91":{"start":{"line":92,"column":0},"end":{"line":92,"column":0}},"92":{"start":{"line":93,"column":0},"end":{"line":93,"column":42}},"93":{"start":{"line":94,"column":0},"end":{"line":94,"column":78}},"94":{"start":{"line":95,"column":0},"end":{"line":95,"column":65}},"95":{"start":{"line":96,"column":0},"end":{"line":96,"column":105}},"96":{"start":{"line":97,"column":0},"end":{"line":97,"column":36}},"97":{"start":{"line":98,"column":0},"end":{"line":98,"column":1}},"98":{"start":{"line":99,"column":0},"end":{"line":99,"column":0}},"99":{"start":{"line":100,"column":0},"end":{"line":100,"column":61}},"100":{"start":{"line":101,"column":0},"end":{"line":101,"column":21}},"101":{"start":{"line":102,"column":0},"end":{"line":102,"column":103}},"102":{"start":{"line":103,"column":0},"end":{"line":103,"column":30}},"103":{"start":{"line":104,"column":0},"end":{"line":104,"column":53}}},"s":{"0":1,"1":1,"2":1,"3":1,"4":1,"5":1,"6":1,"7":1,"8":1,"9":11,"10":11,"11":11,"12":0,"13":0,"14":0,"15":0,"16":0,"17":0,"18":0,"19":0,"20":11,"21":1,"22":1,"23":1,"24":1,"25":11,"26":10,"27":11,"28":1,"29":11,"30":9,"31":9,"32":9,"33":0,"34":1,"35":1,"36":11,"37":11,"38":1,"39":1,"40":0,"41":0,"42":1,"43":1,"44":0,"45":0,"46":1,"47":1,"48":0,"49":0,"50":1,"51":1,"52":1,"53":1,"54":1,"55":1,"56":1,"57":1,"58":1,"59":1,"60":1,"61":1,"62":1,"63":1,"64":1,"65":1,"66":1,"67":1,"68":1,"69":1,"70":1,"71":1,"72":1,"73":1,"74":1,"75":1,"76":1,"77":1,"78":1,"79":1,"80":1,"81":1,"82":1,"83":1,"84":1,"85":1,"86":1,"87":1,"88":1,"89":1,"90":1,"91":1,"92":1,"93":0,"94":0,"95":0,"96":0,"97":0,"98":1,"99":1,"100":0,"101":0,"102":0,"103":0},"branchMap":{"0":{"type":"branch","line":9,"loc":{"start":{"line":9,"column":7},"end":{"line":34,"column":1}},"locations":[{"start":{"line":9,"column":7},"end":{"line":34,"column":1}}]},"1":{"type":"branch","line":12,"loc":{"start":{"line":12,"column":25},"end":{"line":21,"column":6}},"locations":[{"start":{"line":12,"column":25},"end":{"line":21,"column":6}}]},"2":{"type":"branch","line":21,"loc":{"start":{"line":21,"column":41},"end":{"line":26,"column":8}},"locations":[{"start":{"line":21,"column":41},"end":{"line":26,"column":8}}]},"3":{"type":"branch","line":26,"loc":{"start":{"line":26,"column":2},"end":{"line":28,"column":11}},"locations":[{"start":{"line":26,"column":2},"end":{"line":28,"column":11}}]},"4":{"type":"branch","line":28,"loc":{"start":{"line":28,"column":4},"end":{"line":30,"column":8}},"locations":[{"start":{"line":28,"column":4},"end":{"line":30,"column":8}}]},"5":{"type":"branch","line":30,"loc":{"start":{"line":30,"column":2},"end":{"line":34,"column":1}},"locations":[{"start":{"line":30,"column":2},"end":{"line":34,"column":1}}]},"6":{"type":"branch","line":36,"loc":{"start":{"line":36,"column":7},"end":{"line":38,"column":1}},"locations":[{"start":{"line":36,"column":7},"end":{"line":38,"column":1}}]},"7":{"type":"branch","line":38,"loc":{"start":{"line":38,"column":0},"end":{"line":38,"column":1}},"locations":[{"start":{"line":38,"column":0},"end":{"line":38,"column":1}}]},"8":{"type":"branch","line":85,"loc":{"start":{"line":85,"column":18},"end":{"line":85,"column":33}},"locations":[{"start":{"line":85,"column":18},"end":{"line":85,"column":33}}]},"9":{"type":"branch","line":85,"loc":{"start":{"line":85,"column":18},"end":{"line":85,"column":33}},"locations":[{"start":{"line":85,"column":18},"end":{"line":85,"column":33}}]}},"b":{"0":[11],"1":[0],"2":[1],"3":[10],"4":[1],"5":[9],"6":[11],"7":[11],"8":[2],"9":[80]},"fnMap":{"0":{"name":"createReactiveObject","decl":{"start":{"line":9,"column":7},"end":{"line":34,"column":1}},"loc":{"start":{"line":9,"column":7},"end":{"line":34,"column":1}},"line":9},"1":{"name":"get","decl":{"start":{"line":34,"column":0},"end":{"line":34,"column":1}},"loc":{"start":{"line":34,"column":0},"end":{"line":34,"column":1}},"line":34},"2":{"name":"reactive","decl":{"start":{"line":36,"column":7},"end":{"line":38,"column":1}},"loc":{"start":{"line":36,"column":7},"end":{"line":38,"column":1}},"line":36},"3":{"name":"get","decl":{"start":{"line":38,"column":0},"end":{"line":38,"column":1}},"loc":{"start":{"line":38,"column":0},"end":{"line":38,"column":1}},"line":38},"4":{"name":"readonly","decl":{"start":{"line":40,"column":7},"end":{"line":42,"column":1}},"loc":{"start":{"line":40,"column":7},"end":{"line":42,"column":1}},"line":40},"5":{"name":"get","decl":{"start":{"line":42,"column":0},"end":{"line":42,"column":1}},"loc":{"start":{"line":42,"column":0},"end":{"line":42,"column":1}},"line":42},"6":{"name":"shallowReactive","decl":{"start":{"line":44,"column":7},"end":{"line":46,"column":1}},"loc":{"start":{"line":44,"column":7},"end":{"line":46,"column":1}},"line":44},"7":{"name":"get","decl":{"start":{"line":46,"column":0},"end":{"line":46,"column":1}},"loc":{"start":{"line":46,"column":0},"end":{"line":46,"column":1}},"line":46},"8":{"name":"shallowReadOnly","decl":{"start":{"line":48,"column":7},"end":{"line":50,"column":1}},"loc":{"start":{"line":48,"column":7},"end":{"line":50,"column":1}},"line":48},"9":{"name":"get","decl":{"start":{"line":50,"column":0},"end":{"line":50,"column":1}},"loc":{"start":{"line":50,"column":0},"end":{"line":50,"column":1}},"line":50},"10":{"name":"get","decl":{"start":{"line":85,"column":18},"end":{"line":85,"column":33}},"loc":{"start":{"line":85,"column":18},"end":{"line":85,"column":33}},"line":85},"11":{"name":"toRaw","decl":{"start":{"line":93,"column":7},"end":{"line":98,"column":1}},"loc":{"start":{"line":93,"column":7},"end":{"line":98,"column":1}},"line":93},"12":{"name":"get","decl":{"start":{"line":98,"column":0},"end":{"line":98,"column":1}},"loc":{"start":{"line":98,"column":0},"end":{"line":98,"column":1}},"line":98},"13":{"name":"toReactive","decl":{"start":{"line":100,"column":46},"end":{"line":104,"column":53}},"loc":{"start":{"line":100,"column":46},"end":{"line":104,"column":53}},"line":100},"14":{"name":"get","decl":{"start":{"line":104,"column":48},"end":{"line":104,"column":53}},"loc":{"start":{"line":104,"column":48},"end":{"line":104,"column":53}},"line":104}},"f":{"0":11,"1":0,"2":11,"3":11,"4":0,"5":0,"6":0,"7":0,"8":0,"9":0,"10":80,"11":0,"12":0,"13":0,"14":0}}
,"F:\\forTest\\monorope2\\packages\\shared\\src\\index.ts": {"path":"F:\\forTest\\monorope2\\packages\\shared\\src\\index.ts","all":false,"statementMap":{"0":{"start":{"line":1,"column":0},"end":{"line":1,"column":0}},"1":{"start":{"line":2,"column":0},"end":{"line":2,"column":0}},"2":{"start":{"line":3,"column":0},"end":{"line":3,"column":17}},"3":{"start":{"line":4,"column":0},"end":{"line":4,"column":106}},"4":{"start":{"line":5,"column":0},"end":{"line":5,"column":0}},"5":{"start":{"line":6,"column":0},"end":{"line":6,"column":12}},"6":{"start":{"line":7,"column":0},"end":{"line":7,"column":86}},"7":{"start":{"line":8,"column":0},"end":{"line":8,"column":0}},"8":{"start":{"line":9,"column":0},"end":{"line":9,"column":13}},"9":{"start":{"line":10,"column":0},"end":{"line":10,"column":28}},"10":{"start":{"line":11,"column":0},"end":{"line":11,"column":0}},"11":{"start":{"line":12,"column":0},"end":{"line":12,"column":0}},"12":{"start":{"line":13,"column":0},"end":{"line":13,"column":36}}},"s":{"0":1,"1":1,"2":1,"3":1,"4":1,"5":1,"6":1,"7":1,"8":1,"9":1,"10":1,"11":1,"12":1},"branchMap":{"0":{"type":"branch","line":4,"loc":{"start":{"line":4,"column":98},"end":{"line":4,"column":106}},"locations":[{"start":{"line":4,"column":98},"end":{"line":4,"column":106}}]},"1":{"type":"branch","line":4,"loc":{"start":{"line":4,"column":98},"end":{"line":4,"column":106}},"locations":[{"start":{"line":4,"column":98},"end":{"line":4,"column":106}}]},"2":{"type":"branch","line":7,"loc":{"start":{"line":7,"column":27},"end":{"line":7,"column":86}},"locations":[{"start":{"line":7,"column":27},"end":{"line":7,"column":86}}]},"3":{"type":"branch","line":7,"loc":{"start":{"line":7,"column":76},"end":{"line":7,"column":86}},"locations":[{"start":{"line":7,"column":76},"end":{"line":7,"column":86}}]},"4":{"type":"branch","line":10,"loc":{"start":{"line":10,"column":27},"end":{"line":10,"column":28}},"locations":[{"start":{"line":10,"column":27},"end":{"line":10,"column":28}}]},"5":{"type":"branch","line":13,"loc":{"start":{"line":13,"column":29},"end":{"line":13,"column":36}},"locations":[{"start":{"line":13,"column":29},"end":{"line":13,"column":36}}]}},"b":{"0":[11],"1":[11],"2":[2],"3":[2],"4":[2],"5":[14]},"fnMap":{"0":{"name":"isObject","decl":{"start":{"line":4,"column":98},"end":{"line":4,"column":106}},"loc":{"start":{"line":4,"column":98},"end":{"line":4,"column":106}},"line":4},"1":{"name":"get","decl":{"start":{"line":4,"column":98},"end":{"line":4,"column":106}},"loc":{"start":{"line":4,"column":98},"end":{"line":4,"column":106}},"line":4},"2":{"name":"isFunction","decl":{"start":{"line":7,"column":27},"end":{"line":7,"column":86}},"loc":{"start":{"line":7,"column":27},"end":{"line":7,"column":86}},"line":7},"3":{"name":"get","decl":{"start":{"line":7,"column":76},"end":{"line":7,"column":86}},"loc":{"start":{"line":7,"column":76},"end":{"line":7,"column":86}},"line":7},"4":{"name":"NOOP","decl":{"start":{"line":10,"column":20},"end":{"line":10,"column":28}},"loc":{"start":{"line":10,"column":20},"end":{"line":10,"column":28}},"line":10},"5":{"name":"get","decl":{"start":{"line":10,"column":27},"end":{"line":10,"column":28}},"loc":{"start":{"line":10,"column":27},"end":{"line":10,"column":28}},"line":10},"6":{"name":"get","decl":{"start":{"line":13,"column":29},"end":{"line":13,"column":36}},"loc":{"start":{"line":13,"column":29},"end":{"line":13,"column":36}},"line":13}},"f":{"0":11,"1":11,"2":2,"3":2,"4":0,"5":2,"6":14}}
}
